{"meta": {"format": 3, "version": "7.13.4", "timestamp": "2026-02-14T00:08:48.574541", "branch_coverage": true, "show_contexts": false}, "files": {"app/__init__.py": {"executed_lines": [], "summary": {"covered_lines": 0, "num_statements": 0, "percent_covered": 100.0, "percent_covered_display": "100.00", "missing_lines": 0, "excluded_lines": 0, "percent_statements_covered": 100.0, "percent_statements_covered_display": "100.00", "num_branches": 0, "num_partial_branches": 0, "covered_branches": 0, "missing_branches": 0, "percent_branches_covered": 100.0, "percent_branches_covered_display": "100.00"}, "missing_lines": [], "excluded_lines": [], "executed_branches": [], "missing_branches": [], "functions": {"": {"executed_lines": [], "summary": {"covered_lines": 0, "num_statements": 0, "percent_covered": 100.0, "percent_covered_display": "100.00", "missing_lines": 0, "excluded_lines": 0, "percent_statements_covered": 100.0, "percent_statements_covered_display": "100.00", "num_branches": 0, "num_partial_branches": 0, "covered_branches": 0, "missing_branches": 0, "percent_branches_covered": 100.0, "percent_branches_covered_display": "100.00"}, "missing_lines": [], "excluded_lines": [], "start_line": 1, "executed_branches": [], "missing_branches": []}}, "classes": {"": {"executed_lines": [], "summary": {"covered_lines": 0, "num_statements": 0, "percent_covered": 100.0, "percent_covered_display": "100.00", "missing_lines": 0, "excluded_lines": 0, "percent_statements_covered": 100.0, "percent_statements_covered_display": "100.00", "num_branches": 0, "num_partial_branches": 0, "covered_branches": 0, "missing_branches": 0, "percent_branches_covered": 100.0, "percent_branches_covered_display": "100.00"}, "missing_lines": [], "excluded_lines": [], "start_line": 1, "executed_branches": [], "missing_branches": []}}}, "app/api/__init__.py": {"executed_lines": [5, 7, 9, 10, 11, 12, 13, 14, 15, 16, 17, 18, 19, 22, 25, 28, 31, 32, 33, 34, 35, 36, 37, 38, 39, 40, 41, 42], "summary": {"covered_lines": 28, "num_statements": 28, "percent_covered": 100.0, "percent_covered_display": "100.00", "missing_lines": 0, "excluded_lines": 0, "percent_statements_covered": 100.0, "percent_statements_covered_display": "100.00", "num_branches": 0, "num_partial_branches": 0, "covered_branches": 0, "missing_branches": 0, "percent_branches_covered": 100.0, "percent_branches_covered_display": "100.00"}, "missing_lines": [], "excluded_lines": [], "executed_branches": [], "missing_branches": [], "functions": {"": {"executed_lines": [5, 7, 9, 10, 11, 12, 13, 14, 15, 16, 17, 18, 19, 22, 25, 28, 31, 32, 33, 34, 35, 36, 37, 38, 39, 40, 41, 42], "summary": {"covered_lines": 28, "num_statements": 28, "percent_covered": 100.0, "percent_covered_display": "100.00", "missing_lines": 0, "excluded_lines": 0, "percent_statements_covered": 100.0, "percent_statements_covered_display": "100.00", "num_branches": 0, "num_partial_branches": 0, "covered_branches": 0, "missing_branches": 0, "percent_branches_covered": 100.0, "percent_branches_covered_display": "100.00"}, "missing_lines": [], "excluded_lines": [], "start_line": 1, "executed_branches": [], "missing_branches": []}}, "classes": {"": {"executed_lines": [5, 7, 9, 10, 11, 12, 13, 14, 15, 16, 17, 18, 19, 22, 25, 28, 31, 32, 33, 34, 35, 36, 37, 38, 39, 40, 41, 42], "summary": {"covered_lines": 28, "num_statements": 28, "percent_covered": 100.0, "percent_covered_display": "100.00", "missing_lines": 0, "excluded_lines": 0, "percent_statements_covered": 100.0, "percent_statements_covered_display": "100.00", "num_branches": 0, "num_partial_branches": 0, "covered_branches": 0, "missing_branches": 0, "percent_branches_covered": 100.0, "percent_branches_covered_display": "100.00"}, "missing_lines": [], "excluded_lines": [], "start_line": 1, "executed_branches": [], "missing_branches": []}}}, "app/api/azure.py": {"executed_lines": [5, 7, 8, 11, 12, 14, 15, 18, 20, 23, 24, 25], "summary": {"covered_lines": 12, "num_statements": 52, "percent_covered": 19.35483870967742, "percent_covered_display": "19.35", "missing_lines": 40, "excluded_lines": 0, "percent_statements_covered": 23.076923076923077, "percent_statements_covered_display": "23.08", "num_branches": 10, "num_partial_branches": 0, "covered_branches": 0, "missing_branches": 10, "percent_branches_covered": 0.0, "percent_branches_covered_display": "0.00"}, "missing_lines": [30, 31, 34, 35, 36, 37, 38, 39, 40, 42, 48, 50, 55, 58, 61, 62, 63, 64, 65, 71, 73, 74, 81, 83, 84, 91, 92, 93, 98, 99, 100, 105, 106, 107, 108, 109, 110, 112, 113, 114], "excluded_lines": [], "executed_branches": [], "missing_branches": [[34, 35], [34, 48], [37, 38], [37, 39], [39, 40], [39, 42], [63, 64], [63, 73], [64, 63], [64, 65]], "functions": {"test_azure_connection": {"executed_lines": [], "summary": {"covered_lines": 0, "num_statements": 40, "percent_covered": 0.0, "percent_covered_display": "0.00", "missing_lines": 40, "excluded_lines": 0, "percent_statements_covered": 0.0, "percent_statements_covered_display": "0.00", "num_branches": 10, "num_partial_branches": 0, "covered_branches": 0, "missing_branches": 10, "percent_branches_covered": 0.0, "percent_branches_covered_display": "0.00"}, "missing_lines": [30, 31, 34, 35, 36, 37, 38, 39, 40, 42, 48, 50, 55, 58, 61, 62, 63, 64, 65, 71, 73, 74, 81, 83, 84, 91, 92, 93, 98, 99, 100, 105, 106, 107, 108, 109, 110, 112, 113, 114], "excluded_lines": [], "start_line": 25, "executed_branches": [], "missing_branches": [[34, 35], [34, 48], [37, 38], [37, 39], [39, 40], [39, 42], [63, 64], [63, 73], [64, 63], [64, 65]]}, "": {"executed_lines": [5, 7, 8, 11, 12, 14, 15, 18, 20, 23, 24, 25], "summary": {"covered_lines": 12, "num_statements": 12, "percent_covered": 100.0, "percent_covered_display": "100.00", "missing_lines": 0, "excluded_lines": 0, "percent_statements_covered": 100.0, "percent_statements_covered_display": "100.00", "num_branches": 0, "num_partial_branches": 0, "covered_branches": 0, "missing_branches": 0, "percent_branches_covered": 100.0, "percent_branches_covered_display": "100.00"}, "missing_lines": [], "excluded_lines": [], "start_line": 1, "executed_branches": [], "missing_branches": []}}, "classes": {"": {"executed_lines": [5, 7, 8, 11, 12, 14, 15, 18, 20, 23, 24, 25], "summary": {"covered_lines": 12, "num_statements": 52, "percent_covered": 19.35483870967742, "percent_covered_display": "19.35", "missing_lines": 40, "excluded_lines": 0, "percent_statements_covered": 23.076923076923077, "percent_statements_covered_display": "23.08", "num_branches": 10, "num_partial_branches": 0, "covered_branches": 0, "missing_branches": 10, "percent_branches_covered": 0.0, "percent_branches_covered_display": "0.00"}, "missing_lines": [30, 31, 34, 35, 36, 37, 38, 39, 40, 42, 48, 50, 55, 58, 61, 62, 63, 64, 65, 71, 73, 74, 81, 83, 84, 91, 92, 93, 98, 99, 100, 105, 106, 107, 108, 109, 110, 112, 113, 114], "excluded_lines": [], "start_line": 1, "executed_branches": [], "missing_branches": [[34, 35], [34, 48], [37, 38], [37, 39], [39, 40], [39, 42], [63, 64], [63, 73], [64, 63], [64, 65]]}}}, "app/api/common.py": {"executed_lines": [5, 6, 7, 9, 11, 14, 17], "summary": {"covered_lines": 7, "num_statements": 20, "percent_covered": 29.166666666666668, "percent_covered_display": "29.17", "missing_lines": 13, "excluded_lines": 0, "percent_statements_covered": 35.0, "percent_statements_covered_display": "35.00", "num_branches": 4, "num_partial_branches": 0, "covered_branches": 0, "missing_branches": 4, "percent_branches_covered": 0.0, "percent_branches_covered_display": "0.00"}, "missing_lines": [37, 40, 41, 43, 46, 48, 51, 55, 56, 57, 59, 60, 64], "excluded_lines": [], "executed_branches": [], "missing_branches": [[40, 41], [40, 43], [46, 48], [46, 51]], "functions": {"resolve_file_path": {"executed_lines": [], "summary": {"covered_lines": 0, "num_statements": 13, "percent_covered": 0.0, "percent_covered_display": "0.00", "missing_lines": 13, "excluded_lines": 0, "percent_statements_covered": 0.0, "percent_statements_covered_display": "0.00", "num_branches": 4, "num_partial_branches": 0, "covered_branches": 0, "missing_branches": 4, "percent_branches_covered": 0.0, "percent_branches_covered_display": "0.00"}, "missing_lines": [37, 40, 41, 43, 46, 48, 51, 55, 56, 57, 59, 60, 64], "excluded_lines": [], "start_line": 17, "executed_branches": [], "missing_branches": [[40, 41], [40, 43], [46, 48], [46, 51]]}, "": {"executed_lines": [5, 6, 7, 9, 11, 14, 17], "summary": {"covered_lines": 7, "num_statements": 7, "percent_covered": 100.0, "percent_covered_display": "100.00", "missing_lines": 0, "excluded_lines": 0, "percent_statements_covered": 100.0, "percent_statements_covered_display": "100.00", "num_branches": 0, "num_partial_branches": 0, "covered_branches": 0, "missing_branches": 0, "percent_branches_covered": 100.0, "percent_branches_covered_display": "100.00"}, "missing_lines": [], "excluded_lines": [], "start_line": 1, "executed_branches": [], "missing_branches": []}}, "classes": {"": {"executed_lines": [5, 6, 7, 9, 11, 14, 17], "summary": {"covered_lines": 7, "num_statements": 20, "percent_covered": 29.166666666666668, "percent_covered_display": "29.17", "missing_lines": 13, "excluded_lines": 0, "percent_statements_covered": 35.0, "percent_statements_covered_display": "35.00", "num_branches": 4, "num_partial_branches": 0, "covered_branches": 0, "missing_branches": 4, "percent_branches_covered": 0.0, "percent_branches_covered_display": "0.00"}, "missing_lines": [37, 40, 41, 43, 46, 48, 51, 55, 56, 57, 59, 60, 64], "excluded_lines": [], "start_line": 1, "executed_branches": [], "missing_branches": [[40, 41], [40, 43], [46, 48], [46, 51]]}}}, "app/api/diagnostic.py": {"executed_lines": [5, 6, 8, 10, 11, 14, 16, 18, 21, 22, 23, 61, 62, 63], "summary": {"covered_lines": 14, "num_statements": 36, "percent_covered": 35.0, "percent_covered_display": "35.00", "missing_lines": 22, "excluded_lines": 0, "percent_statements_covered": 38.888888888888886, "percent_statements_covered_display": "38.89", "num_branches": 4, "num_partial_branches": 0, "covered_branches": 0, "missing_branches": 4, "percent_branches_covered": 0.0, "percent_branches_covered_display": "0.00"}, "missing_lines": [28, 31, 34, 54, 65, 67, 68, 71, 73, 74, 75, 76, 82, 83, 93, 94, 95, 101, 102, 107, 108, 109], "excluded_lines": [], "executed_branches": [], "missing_branches": [[75, 76], [75, 82], [93, 94], [93, 101]], "functions": {"diagnostic_settings": {"executed_lines": [], "summary": {"covered_lines": 0, "num_statements": 4, "percent_covered": 0.0, "percent_covered_display": "0.00", "missing_lines": 4, "excluded_lines": 0, "percent_statements_covered": 0.0, "percent_statements_covered_display": "0.00", "num_branches": 0, "num_partial_branches": 0, "covered_branches": 0, "missing_branches": 0, "percent_branches_covered": 100.0, "percent_branches_covered_display": "100.00"}, "missing_lines": [28, 31, 34, 54], "excluded_lines": [], "start_line": 23, "executed_branches": [], "missing_branches": []}, "test_notification": {"executed_lines": [], "summary": {"covered_lines": 0, "num_statements": 18, "percent_covered": 0.0, "percent_covered_display": "0.00", "missing_lines": 18, "excluded_lines": 0, "percent_statements_covered": 0.0, "percent_statements_covered_display": "0.00", "num_branches": 4, "num_partial_branches": 0, "covered_branches": 0, "missing_branches": 4, "percent_branches_covered": 0.0, "percent_branches_covered_display": "0.00"}, "missing_lines": [65, 67, 68, 71, 73, 74, 75, 76, 82, 83, 93, 94, 95, 101, 102, 107, 108, 109], "excluded_lines": [], "start_line": 63, "executed_branches": [], "missing_branches": [[75, 76], [75, 82], [93, 94], [93, 101]]}, "": {"executed_lines": [5, 6, 8, 10, 11, 14, 16, 18, 21, 22, 23, 61, 62, 63], "summary": {"covered_lines": 14, "num_statements": 14, "percent_covered": 100.0, "percent_covered_display": "100.00", "missing_lines": 0, "excluded_lines": 0, "percent_statements_covered": 100.0, "percent_statements_covered_display": "100.00", "num_branches": 0, "num_partial_branches": 0, "covered_branches": 0, "missing_branches": 0, "percent_branches_covered": 100.0, "percent_branches_covered_display": "100.00"}, "missing_lines": [], "excluded_lines": [], "start_line": 1, "executed_branches": [], "missing_branches": []}}, "classes": {"": {"executed_lines": [5, 6, 8, 10, 11, 14, 16, 18, 21, 22, 23, 61, 62, 63], "summary": {"covered_lines": 14, "num_statements": 36, "percent_covered": 35.0, "percent_covered_display": "35.00", "missing_lines": 22, "excluded_lines": 0, "percent_statements_covered": 38.888888888888886, "percent_statements_covered_display": "38.89", "num_branches": 4, "num_partial_branches": 0, "covered_branches": 0, "missing_branches": 4, "percent_branches_covered": 0.0, "percent_branches_covered_display": "0.00"}, "missing_lines": [28, 31, 34, 54, 65, 67, 68, 71, 73, 74, 75, 76, 82, 83, 93, 94, 95, 101, 102, 107, 108, 109], "excluded_lines": [], "start_line": 1, "executed_branches": [], "missing_branches": [[75, 76], [75, 82], [93, 94], [93, 101]]}}}, "app/api/dropbox.py": {"executed_lines": [5, 6, 7, 9, 10, 12, 13, 14, 17, 19, 22, 23, 24, 58, 59, 60, 101, 102, 103, 182, 183, 184], "summary": {"covered_lines": 22, "num_statements": 123, "percent_covered": 13.173652694610778, "percent_covered_display": "13.17", "missing_lines": 101, "excluded_lines": 0, "percent_statements_covered": 17.88617886178862, "percent_statements_covered_display": "17.89", "num_branches": 44, "num_partial_branches": 0, "covered_branches": 0, "missing_branches": 44, "percent_branches_covered": 0.0, "percent_branches_covered_display": "0.00"}, "missing_lines": [37, 39, 48, 51, 70, 71, 74, 75, 76, 78, 79, 80, 82, 83, 84, 86, 87, 88, 92, 94, 95, 96, 107, 108, 110, 111, 112, 115, 116, 123, 124, 127, 128, 135, 137, 138, 139, 141, 142, 145, 146, 152, 153, 154, 160, 161, 162, 165, 167, 169, 177, 178, 179, 194, 196, 198, 199, 200, 204, 207, 208, 211, 216, 217, 218, 219, 220, 221, 224, 225, 226, 227, 228, 229, 230, 232, 233, 234, 235, 236, 237, 240, 241, 242, 245, 246, 249, 250, 251, 252, 253, 254, 255, 256, 258, 260, 262, 263, 264, 265, 266], "excluded_lines": [], "executed_branches": [], "missing_branches": [[74, 75], [74, 78], [78, 79], [78, 82], [82, 83], [82, 86], [86, 87], [86, 92], [110, 111], [110, 115], [123, 124], [123, 152], [137, 138], [137, 141], [152, 153], [152, 160], [198, 199], [198, 204], [216, 217], [216, 218], [218, 219], [218, 220], [220, 221], [220, 224], [226, 227], [226, 240], [229, 230], [229, 236], [230, 229], [230, 232], [236, 226], [236, 237], [240, 241], [240, 245], [241, 240], [241, 242], [249, 250], [249, 251], [251, 252], [251, 253], [253, 254], [253, 255], [255, 256], [255, 258]], "functions": {"exchange_dropbox_token": {"executed_lines": [], "summary": {"covered_lines": 0, "num_statements": 4, "percent_covered": 0.0, "percent_covered_display": "0.00", "missing_lines": 4, "excluded_lines": 0, "percent_statements_covered": 0.0, "percent_statements_covered_display": "0.00", "num_branches": 0, "num_partial_branches": 0, "covered_branches": 0, "missing_branches": 0, "percent_branches_covered": 100.0, "percent_branches_covered_display": "100.00"}, "missing_lines": [37, 39, 48, 51], "excluded_lines": [], "start_line": 24, "executed_branches": [], "missing_branches": []}, "update_dropbox_settings": {"executed_lines": [], "summary": {"covered_lines": 0, "num_statements": 18, "percent_covered": 0.0, "percent_covered_display": "0.00", "missing_lines": 18, "excluded_lines": 0, "percent_statements_covered": 0.0, "percent_statements_covered_display": "0.00", "num_branches": 8, "num_partial_branches": 0, "covered_branches": 0, "missing_branches": 8, "percent_branches_covered": 0.0, "percent_branches_covered_display": "0.00"}, "missing_lines": [70, 71, 74, 75, 76, 78, 79, 80, 82, 83, 84, 86, 87, 88, 92, 94, 95, 96], "excluded_lines": [], "start_line": 60, "executed_branches": [], "missing_branches": [[74, 75], [74, 78], [78, 79], [78, 82], [82, 83], [82, 86], [86, 87], [86, 92]]}, "test_dropbox_token": {"executed_lines": [], "summary": {"covered_lines": 0, "num_statements": 31, "percent_covered": 0.0, "percent_covered_display": "0.00", "missing_lines": 31, "excluded_lines": 0, "percent_statements_covered": 0.0, "percent_statements_covered_display": "0.00", "num_branches": 8, "num_partial_branches": 0, "covered_branches": 0, "missing_branches": 8, "percent_branches_covered": 0.0, "percent_branches_covered_display": "0.00"}, "missing_lines": [107, 108, 110, 111, 112, 115, 116, 123, 124, 127, 128, 135, 137, 138, 139, 141, 142, 145, 146, 152, 153, 154, 160, 161, 162, 165, 167, 169, 177, 178, 179], "excluded_lines": [], "start_line": 103, "executed_branches": [], "missing_branches": [[110, 111], [110, 115], [123, 124], [123, 152], [137, 138], [137, 141], [152, 153], [152, 160]]}, "save_dropbox_settings": {"executed_lines": [], "summary": {"covered_lines": 0, "num_statements": 48, "percent_covered": 0.0, "percent_covered_display": "0.00", "missing_lines": 48, "excluded_lines": 0, "percent_statements_covered": 0.0, "percent_statements_covered_display": "0.00", "num_branches": 28, "num_partial_branches": 0, "covered_branches": 0, "missing_branches": 28, "percent_branches_covered": 0.0, "percent_branches_covered_display": "0.00"}, "missing_lines": [194, 196, 198, 199, 200, 204, 207, 208, 211, 216, 217, 218, 219, 220, 221, 224, 225, 226, 227, 228, 229, 230, 232, 233, 234, 235, 236, 237, 240, 241, 242, 245, 246, 249, 250, 251, 252, 253, 254, 255, 256, 258, 260, 262, 263, 264, 265, 266], "excluded_lines": [], "start_line": 184, "executed_branches": [], "missing_branches": [[198, 199], [198, 204], [216, 217], [216, 218], [218, 219], [218, 220], [220, 221], [220, 224], [226, 227], [226, 240], [229, 230], [229, 236], [230, 229], [230, 232], [236, 226], [236, 237], [240, 241], [240, 245], [241, 240], [241, 242], [249, 250], [249, 251], [251, 252], [251, 253], [253, 254], [253, 255], [255, 256], [255, 258]]}, "": {"executed_lines": [5, 6, 7, 9, 10, 12, 13, 14, 17, 19, 22, 23, 24, 58, 59, 60, 101, 102, 103, 182, 183, 184], "summary": {"covered_lines": 22, "num_statements": 22, "percent_covered": 100.0, "percent_covered_display": "100.00", "missing_lines": 0, "excluded_lines": 0, "percent_statements_covered": 100.0, "percent_statements_covered_display": "100.00", "num_branches": 0, "num_partial_branches": 0, "covered_branches": 0, "missing_branches": 0, "percent_branches_covered": 100.0, "percent_branches_covered_display": "100.00"}, "missing_lines": [], "excluded_lines": [], "start_line": 1, "executed_branches": [], "missing_branches": []}}, "classes": {"": {"executed_lines": [5, 6, 7, 9, 10, 12, 13, 14, 17, 19, 22, 23, 24, 58, 59, 60, 101, 102, 103, 182, 183, 184], "summary": {"covered_lines": 22, "num_statements": 123, "percent_covered": 13.173652694610778, "percent_covered_display": "13.17", "missing_lines": 101, "excluded_lines": 0, "percent_statements_covered": 17.88617886178862, "percent_statements_covered_display": "17.89", "num_branches": 44, "num_partial_branches": 0, "covered_branches": 0, "missing_branches": 44, "percent_branches_covered": 0.0, "percent_branches_covered_display": "0.00"}, "missing_lines": [37, 39, 48, 51, 70, 71, 74, 75, 76, 78, 79, 80, 82, 83, 84, 86, 87, 88, 92, 94, 95, 96, 107, 108, 110, 111, 112, 115, 116, 123, 124, 127, 128, 135, 137, 138, 139, 141, 142, 145, 146, 152, 153, 154, 160, 161, 162, 165, 167, 169, 177, 178, 179, 194, 196, 198, 199, 200, 204, 207, 208, 211, 216, 217, 218, 219, 220, 221, 224, 225, 226, 227, 228, 229, 230, 232, 233, 234, 235, 236, 237, 240, 241, 242, 245, 246, 249, 250, 251, 252, 253, 254, 255, 256, 258, 260, 262, 263, 264, 265, 266], "excluded_lines": [], "start_line": 1, "executed_branches": [], "missing_branches": [[74, 75], [74, 78], [78, 79], [78, 82], [82, 83], [82, 86], [86, 87], [86, 92], [110, 111], [110, 115], [123, 124], [123, 152], [137, 138], [137, 141], [152, 153], [152, 160], [198, 199], [198, 204], [216, 217], [216, 218], [218, 219], [218, 220], [220, 221], [220, 224], [226, 227], [226, 240], [229, 230], [229, 236], [230, 229], [230, 232], [236, 226], [236, 237], [240, 241], [240, 245], [241, 240], [241, 242], [249, 250], [249, 251], [251, 252], [251, 253], [253, 254], [253, 255], [255, 256], [255, 258]]}}}, "app/api/files.py": {"executed_lines": [5, 6, 7, 8, 9, 11, 12, 13, 15, 16, 17, 18, 19, 20, 21, 22, 23, 26, 28, 30, 33, 40, 41, 42, 145, 155, 156, 157, 208, 209, 210, 243, 244, 245, 287, 288, 289, 348, 349, 350, 395, 396, 397, 457, 477, 640, 641, 642, 769, 770, 771, 841, 842, 843, 913, 914, 915], "summary": {"covered_lines": 57, "num_statements": 444, "percent_covered": 9.895833333333334, "percent_covered_display": "9.90", "missing_lines": 387, "excluded_lines": 0, "percent_statements_covered": 12.837837837837839, "percent_statements_covered_display": "12.84", "num_branches": 132, "num_partial_branches": 0, "covered_branches": 0, "missing_branches": 132, "percent_branches_covered": 0.0, "percent_branches_covered_display": "0.00"}, "missing_lines": [35, 37, 80, 83, 84, 87, 88, 91, 94, 97, 105, 106, 108, 111, 112, 115, 116, 119, 120, 121, 137, 139, 150, 152, 162, 164, 165, 168, 173, 174, 175, 187, 190, 192, 216, 217, 219, 221, 223, 224, 227, 230, 231, 233, 235, 236, 237, 238, 239, 240, 251, 252, 254, 256, 258, 259, 261, 262, 265, 268, 269, 271, 273, 279, 280, 281, 282, 283, 284, 293, 295, 297, 298, 300, 301, 302, 304, 305, 307, 308, 315, 318, 319, 320, 324, 329, 330, 331, 333, 341, 342, 343, 344, 345, 360, 362, 364, 365, 368, 369, 372, 376, 380, 388, 389, 390, 391, 392, 411, 413, 415, 416, 419, 420, 421, 422, 423, 424, 425, 427, 432, 436, 441, 450, 451, 452, 453, 454, 467, 469, 470, 471, 472, 473, 474, 495, 497, 499, 500, 501, 502, 504, 505, 506, 507, 508, 509, 511, 512, 515, 516, 519, 523, 524, 525, 527, 528, 529, 530, 531, 532, 534, 535, 536, 537, 538, 540, 543, 544, 545, 547, 548, 549, 550, 551, 552, 554, 555, 556, 557, 558, 559, 566, 578, 579, 582, 583, 584, 585, 586, 587, 590, 591, 592, 593, 594, 595, 598, 599, 600, 601, 602, 603, 606, 607, 608, 609, 610, 611, 612, 613, 614, 616, 617, 618, 619, 620, 622, 623, 625, 627, 629, 631, 664, 666, 668, 669, 672, 679, 680, 683, 684, 685, 686, 687, 688, 689, 690, 691, 692, 694, 707, 708, 709, 715, 720, 721, 724, 725, 731, 732, 733, 734, 735, 736, 737, 738, 739, 741, 742, 743, 744, 745, 747, 749, 750, 752, 754, 762, 763, 764, 765, 766, 787, 789, 791, 793, 794, 796, 798, 799, 801, 803, 805, 806, 809, 810, 816, 817, 818, 819, 820, 822, 823, 825, 828, 834, 835, 836, 837, 838, 859, 861, 863, 865, 866, 868, 870, 871, 873, 875, 877, 878, 881, 882, 888, 889, 890, 891, 892, 894, 895, 897, 900, 906, 907, 908, 909, 910, 917, 921, 923, 926, 928, 929, 930, 932, 935, 937, 938, 939, 940, 941, 942, 945, 948, 949, 950, 952, 953, 960, 975, 987, 988, 991, 994, 996, 998, 1000, 1002, 1003, 1007, 1008, 1011, 1012, 1013, 1014, 1015, 1016, 1019, 1021, 1029, 1030, 1032, 1033, 1035, 1037, 1038, 1039, 1043, 1044, 1045, 1050, 1051, 1054, 1055, 1057], "excluded_lines": [], "executed_branches": [], "missing_branches": [[83, 84], [83, 87], [87, 88], [87, 91], [105, 106], [105, 108], [120, 121], [120, 137], [164, 165], [164, 168], [174, 175], [174, 187], [216, 217], [216, 219], [223, 224], [223, 227], [251, 252], [251, 254], [258, 259], [258, 261], [268, 269], [268, 271], [297, 298], [297, 300], [304, 305], [304, 333], [307, 308], [307, 318], [364, 365], [364, 368], [368, 369], [368, 372], [415, 416], [415, 419], [420, 421], [420, 423], [423, 424], [423, 427], [472, 473], [472, 474], [497, 499], [497, 515], [500, 501], [500, 504], [506, 507], [506, 511], [515, 516], [515, 537], [523, 524], [523, 527], [529, 530], [529, 534], [537, 538], [537, 558], [543, 544], [543, 547], [549, 550], [549, 554], [558, 559], [558, 627], [582, 583], [582, 590], [586, 587], [586, 590], [590, 591], [590, 598], [594, 595], [594, 598], [598, 599], [598, 606], [602, 603], [602, 606], [606, 607], [606, 616], [613, 614], [613, 616], [616, 617], [616, 622], [668, 669], [668, 672], [679, 680], [679, 683], [707, 708], [707, 715], [733, 734], [733, 741], [737, 733], [737, 738], [741, 742], [741, 747], [793, 794], [793, 796], [796, 798], [796, 803], [798, 799], [798, 801], [803, 805], [803, 825], [817, 818], [817, 822], [818, 817], [818, 819], [822, 823], [822, 828], [865, 866], [865, 868], [868, 870], [868, 875], [870, 871], [870, 873], [875, 877], [875, 897], [889, 890], [889, 894], [890, 889], [890, 891], [894, 895], [894, 900], [928, 929], [928, 932], [950, 952], [950, 960], [998, 1000], [998, 1035], [1012, 1013], [1012, 1019], [1035, 1037], [1035, 1039], [1039, 1043], [1039, 1045], [1045, 1050], [1045, 1054]], "functions": {"get_limiter": {"executed_lines": [], "summary": {"covered_lines": 0, "num_statements": 2, "percent_covered": 0.0, "percent_covered_display": "0.00", "missing_lines": 2, "excluded_lines": 0, "percent_statements_covered": 0.0, "percent_statements_covered_display": "0.00", "num_branches": 0, "num_partial_branches": 0, "covered_branches": 0, "missing_branches": 0, "percent_branches_covered": 100.0, "percent_branches_covered_display": "100.00"}, "missing_lines": [35, 37], "excluded_lines": [], "start_line": 33, "executed_branches": [], "missing_branches": []}, "list_files_api": {"executed_lines": [], "summary": {"covered_lines": 0, "num_statements": 20, "percent_covered": 0.0, "percent_covered_display": "0.00", "missing_lines": 20, "excluded_lines": 0, "percent_statements_covered": 0.0, "percent_statements_covered_display": "0.00", "num_branches": 8, "num_partial_branches": 0, "covered_branches": 0, "missing_branches": 8, "percent_branches_covered": 0.0, "percent_branches_covered_display": "0.00"}, "missing_lines": [80, 83, 84, 87, 88, 91, 94, 97, 105, 106, 108, 111, 112, 115, 116, 119, 120, 121, 137, 139], "excluded_lines": [], "start_line": 42, "executed_branches": [], "missing_branches": [[83, 84], [83, 87], [87, 88], [87, 91], [105, 106], [105, 108], [120, 121], [120, 137]]}, "_get_file_processing_status": {"executed_lines": [], "summary": {"covered_lines": 0, "num_statements": 2, "percent_covered": 0.0, "percent_covered_display": "0.00", "missing_lines": 2, "excluded_lines": 0, "percent_statements_covered": 0.0, "percent_statements_covered_display": "0.00", "num_branches": 0, "num_partial_branches": 0, "covered_branches": 0, "missing_branches": 0, "percent_branches_covered": 100.0, "percent_branches_covered_display": "100.00"}, "missing_lines": [150, 152], "excluded_lines": [], "start_line": 145, "executed_branches": [], "missing_branches": []}, "get_file_details": {"executed_lines": [], "summary": {"covered_lines": 0, "num_statements": 10, "percent_covered": 0.0, "percent_covered_display": "0.00", "missing_lines": 10, "excluded_lines": 0, "percent_statements_covered": 0.0, "percent_statements_covered_display": "0.00", "num_branches": 4, "num_partial_branches": 0, "covered_branches": 0, "missing_branches": 4, "percent_branches_covered": 0.0, "percent_branches_covered_display": "0.00"}, "missing_lines": [162, 164, 165, 168, 173, 174, 175, 187, 190, 192], "excluded_lines": [], "start_line": 157, "executed_branches": [], "missing_branches": [[164, 165], [164, 168], [174, 175], [174, 187]]}, "delete_file_record": {"executed_lines": [], "summary": {"covered_lines": 0, "num_statements": 16, "percent_covered": 0.0, "percent_covered_display": "0.00", "missing_lines": 16, "excluded_lines": 0, "percent_statements_covered": 0.0, "percent_statements_covered_display": "0.00", "num_branches": 4, "num_partial_branches": 0, "covered_branches": 0, "missing_branches": 4, "percent_branches_covered": 0.0, "percent_branches_covered_display": "0.00"}, "missing_lines": [216, 217, 219, 221, 223, 224, 227, 230, 231, 233, 235, 236, 237, 238, 239, 240], "excluded_lines": [], "start_line": 210, "executed_branches": [], "missing_branches": [[216, 217], [216, 219], [223, 224], [223, 227]]}, "bulk_delete_files": {"executed_lines": [], "summary": {"covered_lines": 0, "num_statements": 19, "percent_covered": 0.0, "percent_covered_display": "0.00", "missing_lines": 19, "excluded_lines": 0, "percent_statements_covered": 0.0, "percent_statements_covered_display": "0.00", "num_branches": 6, "num_partial_branches": 0, "covered_branches": 0, "missing_branches": 6, "percent_branches_covered": 0.0, "percent_branches_covered_display": "0.00"}, "missing_lines": [251, 252, 254, 256, 258, 259, 261, 262, 265, 268, 269, 271, 273, 279, 280, 281, 282, 283, 284], "excluded_lines": [], "start_line": 245, "executed_branches": [], "missing_branches": [[251, 252], [251, 254], [258, 259], [258, 261], [268, 269], [268, 271]]}, "bulk_reprocess_files": {"executed_lines": [], "summary": {"covered_lines": 0, "num_statements": 25, "percent_covered": 0.0, "percent_covered_display": "0.00", "missing_lines": 25, "excluded_lines": 0, "percent_statements_covered": 0.0, "percent_statements_covered_display": "0.00", "num_branches": 6, "num_partial_branches": 0, "covered_branches": 0, "missing_branches": 6, "percent_branches_covered": 0.0, "percent_branches_covered_display": "0.00"}, "missing_lines": [293, 295, 297, 298, 300, 301, 302, 304, 305, 307, 308, 315, 318, 319, 320, 324, 329, 330, 331, 333, 341, 342, 343, 344, 345], "excluded_lines": [], "start_line": 289, "executed_branches": [], "missing_branches": [[297, 298], [297, 300], [304, 305], [304, 333], [307, 308], [307, 318]]}, "reprocess_single_file": {"executed_lines": [], "summary": {"covered_lines": 0, "num_statements": 14, "percent_covered": 0.0, "percent_covered_display": "0.00", "missing_lines": 14, "excluded_lines": 0, "percent_statements_covered": 0.0, "percent_statements_covered_display": "0.00", "num_branches": 4, "num_partial_branches": 0, "covered_branches": 0, "missing_branches": 4, "percent_branches_covered": 0.0, "percent_branches_covered_display": "0.00"}, "missing_lines": [360, 362, 364, 365, 368, 369, 372, 376, 380, 388, 389, 390, 391, 392], "excluded_lines": [], "start_line": 350, "executed_branches": [], "missing_branches": [[364, 365], [364, 368], [368, 369], [368, 372]]}, "reprocess_with_cloud_ocr": {"executed_lines": [], "summary": {"covered_lines": 0, "num_statements": 20, "percent_covered": 0.0, "percent_covered_display": "0.00", "missing_lines": 20, "excluded_lines": 0, "percent_statements_covered": 0.0, "percent_statements_covered_display": "0.00", "num_branches": 6, "num_partial_branches": 0, "covered_branches": 0, "missing_branches": 6, "percent_branches_covered": 0.0, "percent_branches_covered_display": "0.00"}, "missing_lines": [411, 413, 415, 416, 419, 420, 421, 422, 423, 424, 425, 427, 432, 436, 441, 450, 451, 452, 453, 454], "excluded_lines": [], "start_line": 397, "executed_branches": [], "missing_branches": [[415, 416], [415, 419], [420, 421], [420, 423], [423, 424], [423, 427]]}, "_extract_text_from_pdf": {"executed_lines": [], "summary": {"covered_lines": 0, "num_statements": 7, "percent_covered": 0.0, "percent_covered_display": "0.00", "missing_lines": 7, "excluded_lines": 0, "percent_statements_covered": 0.0, "percent_statements_covered_display": "0.00", "num_branches": 2, "num_partial_branches": 0, "covered_branches": 0, "missing_branches": 2, "percent_branches_covered": 0.0, "percent_branches_covered_display": "0.00"}, "missing_lines": [467, 469, 470, 471, 472, 473, 474], "excluded_lines": [], "start_line": 457, "executed_branches": [], "missing_branches": [[472, 473], [472, 474]]}, "_retry_pipeline_step": {"executed_lines": [], "summary": {"covered_lines": 0, "num_statements": 88, "percent_covered": 0.0, "percent_covered_display": "0.00", "missing_lines": 88, "excluded_lines": 0, "percent_statements_covered": 0.0, "percent_statements_covered_display": "0.00", "num_branches": 38, "num_partial_branches": 0, "covered_branches": 0, "missing_branches": 38, "percent_branches_covered": 0.0, "percent_branches_covered_display": "0.00"}, "missing_lines": [495, 497, 499, 500, 501, 502, 504, 505, 506, 507, 508, 509, 511, 512, 515, 516, 519, 523, 524, 525, 527, 528, 529, 530, 531, 532, 534, 535, 536, 537, 538, 540, 543, 544, 545, 547, 548, 549, 550, 551, 552, 554, 555, 556, 557, 558, 559, 566, 578, 579, 582, 583, 584, 585, 586, 587, 590, 591, 592, 593, 594, 595, 598, 599, 600, 601, 602, 603, 606, 607, 608, 609, 610, 611, 612, 613, 614, 616, 617, 618, 619, 620, 622, 623, 625, 627, 629, 631], "excluded_lines": [], "start_line": 477, "executed_branches": [], "missing_branches": [[497, 499], [497, 515], [500, 501], [500, 504], [506, 507], [506, 511], [515, 516], [515, 537], [523, 524], [523, 527], [529, 530], [529, 534], [537, 538], [537, 558], [543, 544], [543, 547], [549, 550], [549, 554], [558, 559], [558, 627], [582, 583], [582, 590], [586, 587], [586, 590], [590, 591], [590, 598], [594, 595], [594, 598], [598, 599], [598, 606], [602, 603], [602, 606], [606, 607], [606, 616], [613, 614], [613, 616], [616, 617], [616, 622]]}, "retry_subtask": {"executed_lines": [], "summary": {"covered_lines": 0, "num_statements": 50, "percent_covered": 0.0, "percent_covered_display": "0.00", "missing_lines": 50, "excluded_lines": 0, "percent_statements_covered": 0.0, "percent_statements_covered_display": "0.00", "num_branches": 12, "num_partial_branches": 0, "covered_branches": 0, "missing_branches": 12, "percent_branches_covered": 0.0, "percent_branches_covered_display": "0.00"}, "missing_lines": [664, 666, 668, 669, 672, 679, 680, 683, 684, 685, 686, 687, 688, 689, 690, 691, 692, 694, 707, 708, 709, 715, 720, 721, 724, 725, 731, 732, 733, 734, 735, 736, 737, 738, 739, 741, 742, 743, 744, 745, 747, 749, 750, 752, 754, 762, 763, 764, 765, 766], "excluded_lines": [], "start_line": 642, "executed_branches": [], "missing_branches": [[668, 669], [668, 672], [679, 680], [679, 683], [707, 708], [707, 715], [733, 734], [733, 741], [737, 733], [737, 738], [741, 742], [741, 747]]}, "get_file_preview": {"executed_lines": [], "summary": {"covered_lines": 0, "num_statements": 28, "percent_covered": 0.0, "percent_covered_display": "0.00", "missing_lines": 28, "excluded_lines": 0, "percent_statements_covered": 0.0, "percent_statements_covered_display": "0.00", "num_branches": 14, "num_partial_branches": 0, "covered_branches": 0, "missing_branches": 14, "percent_branches_covered": 0.0, "percent_branches_covered_display": "0.00"}, "missing_lines": [787, 789, 791, 793, 794, 796, 798, 799, 801, 803, 805, 806, 809, 810, 816, 817, 818, 819, 820, 822, 823, 825, 828, 834, 835, 836, 837, 838], "excluded_lines": [], "start_line": 771, "executed_branches": [], "missing_branches": [[793, 794], [793, 796], [796, 798], [796, 803], [798, 799], [798, 801], [803, 805], [803, 825], [817, 818], [817, 822], [818, 817], [818, 819], [822, 823], [822, 828]]}, "download_file": {"executed_lines": [], "summary": {"covered_lines": 0, "num_statements": 28, "percent_covered": 0.0, "percent_covered_display": "0.00", "missing_lines": 28, "excluded_lines": 0, "percent_statements_covered": 0.0, "percent_statements_covered_display": "0.00", "num_branches": 14, "num_partial_branches": 0, "covered_branches": 0, "missing_branches": 14, "percent_branches_covered": 0.0, "percent_branches_covered_display": "0.00"}, "missing_lines": [859, 861, 863, 865, 866, 868, 870, 871, 873, 875, 877, 878, 881, 882, 888, 889, 890, 891, 892, 894, 895, 897, 900, 906, 907, 908, 909, 910], "excluded_lines": [], "start_line": 843, "executed_branches": [], "missing_branches": [[865, 866], [865, 868], [868, 870], [868, 875], [870, 871], [870, 873], [875, 877], [875, 897], [889, 890], [889, 894], [890, 889], [890, 891], [894, 895], [894, 900]]}, "ui_upload": {"executed_lines": [], "summary": {"covered_lines": 0, "num_statements": 58, "percent_covered": 0.0, "percent_covered_display": "0.00", "missing_lines": 58, "excluded_lines": 0, "percent_statements_covered": 0.0, "percent_statements_covered_display": "0.00", "num_branches": 14, "num_partial_branches": 0, "covered_branches": 0, "missing_branches": 14, "percent_branches_covered": 0.0, "percent_branches_covered_display": "0.00"}, "missing_lines": [917, 921, 923, 926, 928, 929, 930, 932, 935, 937, 938, 939, 940, 941, 942, 945, 948, 949, 950, 952, 953, 960, 975, 987, 988, 991, 994, 996, 998, 1000, 1002, 1003, 1007, 1008, 1011, 1012, 1013, 1014, 1015, 1016, 1019, 1021, 1029, 1030, 1032, 1033, 1035, 1037, 1038, 1039, 1043, 1044, 1045, 1050, 1051, 1054, 1055, 1057], "excluded_lines": [], "start_line": 915, "executed_branches": [], "missing_branches": [[928, 929], [928, 932], [950, 952], [950, 960], [998, 1000], [998, 1035], [1012, 1013], [1012, 1019], [1035, 1037], [1035, 1039], [1039, 1043], [1039, 1045], [1045, 1050], [1045, 1054]]}, "": {"executed_lines": [5, 6, 7, 8, 9, 11, 12, 13, 15, 16, 17, 18, 19, 20, 21, 22, 23, 26, 28, 30, 33, 40, 41, 42, 145, 155, 156, 157, 208, 209, 210, 243, 244, 245, 287, 288, 289, 348, 349, 350, 395, 396, 397, 457, 477, 640, 641, 642, 769, 770, 771, 841, 842, 843, 913, 914, 915], "summary": {"covered_lines": 57, "num_statements": 57, "percent_covered": 100.0, "percent_covered_display": "100.00", "missing_lines": 0, "excluded_lines": 0, "percent_statements_covered": 100.0, "percent_statements_covered_display": "100.00", "num_branches": 0, "num_partial_branches": 0, "covered_branches": 0, "missing_branches": 0, "percent_branches_covered": 100.0, "percent_branches_covered_display": "100.00"}, "missing_lines": [], "excluded_lines": [], "start_line": 1, "executed_branches": [], "missing_branches": []}}, "classes": {"": {"executed_lines": [5, 6, 7, 8, 9, 11, 12, 13, 15, 16, 17, 18, 19, 20, 21, 22, 23, 26, 28, 30, 33, 40, 41, 42, 145, 155, 156, 157, 208, 209, 210, 243, 244, 245, 287, 288, 289, 348, 349, 350, 395, 396, 397, 457, 477, 640, 641, 642, 769, 770, 771, 841, 842, 843, 913, 914, 915], "summary": {"covered_lines": 57, "num_statements": 444, "percent_covered": 9.895833333333334, "percent_covered_display": "9.90", "missing_lines": 387, "excluded_lines": 0, "percent_statements_covered": 12.837837837837839, "percent_statements_covered_display": "12.84", "num_branches": 132, "num_partial_branches": 0, "covered_branches": 0, "missing_branches": 132, "percent_branches_covered": 0.0, "percent_branches_covered_display": "0.00"}, "missing_lines": [35, 37, 80, 83, 84, 87, 88, 91, 94, 97, 105, 106, 108, 111, 112, 115, 116, 119, 120, 121, 137, 139, 150, 152, 162, 164, 165, 168, 173, 174, 175, 187, 190, 192, 216, 217, 219, 221, 223, 224, 227, 230, 231, 233, 235, 236, 237, 238, 239, 240, 251, 252, 254, 256, 258, 259, 261, 262, 265, 268, 269, 271, 273, 279, 280, 281, 282, 283, 284, 293, 295, 297, 298, 300, 301, 302, 304, 305, 307, 308, 315, 318, 319, 320, 324, 329, 330, 331, 333, 341, 342, 343, 344, 345, 360, 362, 364, 365, 368, 369, 372, 376, 380, 388, 389, 390, 391, 392, 411, 413, 415, 416, 419, 420, 421, 422, 423, 424, 425, 427, 432, 436, 441, 450, 451, 452, 453, 454, 467, 469, 470, 471, 472, 473, 474, 495, 497, 499, 500, 501, 502, 504, 505, 506, 507, 508, 509, 511, 512, 515, 516, 519, 523, 524, 525, 527, 528, 529, 530, 531, 532, 534, 535, 536, 537, 538, 540, 543, 544, 545, 547, 548, 549, 550, 551, 552, 554, 555, 556, 557, 558, 559, 566, 578, 579, 582, 583, 584, 585, 586, 587, 590, 591, 592, 593, 594, 595, 598, 599, 600, 601, 602, 603, 606, 607, 608, 609, 610, 611, 612, 613, 614, 616, 617, 618, 619, 620, 622, 623, 625, 627, 629, 631, 664, 666, 668, 669, 672, 679, 680, 683, 684, 685, 686, 687, 688, 689, 690, 691, 692, 694, 707, 708, 709, 715, 720, 721, 724, 725, 731, 732, 733, 734, 735, 736, 737, 738, 739, 741, 742, 743, 744, 745, 747, 749, 750, 752, 754, 762, 763, 764, 765, 766, 787, 789, 791, 793, 794, 796, 798, 799, 801, 803, 805, 806, 809, 810, 816, 817, 818, 819, 820, 822, 823, 825, 828, 834, 835, 836, 837, 838, 859, 861, 863, 865, 866, 868, 870, 871, 873, 875, 877, 878, 881, 882, 888, 889, 890, 891, 892, 894, 895, 897, 900, 906, 907, 908, 909, 910, 917, 921, 923, 926, 928, 929, 930, 932, 935, 937, 938, 939, 940, 941, 942, 945, 948, 949, 950, 952, 953, 960, 975, 987, 988, 991, 994, 996, 998, 1000, 1002, 1003, 1007, 1008, 1011, 1012, 1013, 1014, 1015, 1016, 1019, 1021, 1029, 1030, 1032, 1033, 1035, 1037, 1038, 1039, 1043, 1044, 1045, 1050, 1051, 1054, 1055, 1057], "excluded_lines": [], "start_line": 1, "executed_branches": [], "missing_branches": [[83, 84], [83, 87], [87, 88], [87, 91], [105, 106], [105, 108], [120, 121], [120, 137], [164, 165], [164, 168], [174, 175], [174, 187], [216, 217], [216, 219], [223, 224], [223, 227], [251, 252], [251, 254], [258, 259], [258, 261], [268, 269], [268, 271], [297, 298], [297, 300], [304, 305], [304, 333], [307, 308], [307, 318], [364, 365], [364, 368], [368, 369], [368, 372], [415, 416], [415, 419], [420, 421], [420, 423], [423, 424], [423, 427], [472, 473], [472, 474], [497, 499], [497, 515], [500, 501], [500, 504], [506, 507], [506, 511], [515, 516], [515, 537], [523, 524], [523, 527], [529, 530], [529, 534], [537, 538], [537, 558], [543, 544], [543, 547], [549, 550], [549, 554], [558, 559], [558, 627], [582, 583], [582, 590], [586, 587], [586, 590], [590, 591], [590, 598], [594, 595], [594, 598], [598, 599], [598, 606], [602, 603], [602, 606], [606, 607], [606, 616], [613, 614], [613, 616], [616, 617], [616, 622], [668, 669], [668, 672], [679, 680], [679, 683], [707, 708], [707, 715], [733, 734], [733, 741], [737, 733], [737, 738], [741, 742], [741, 747], [793, 794], [793, 796], [796, 798], [796, 803], [798, 799], [798, 801], [803, 805], [803, 825], [817, 818], [817, 822], [818, 817], [818, 819], [822, 823], [822, 828], [865, 866], [865, 868], [868, 870], [868, 875], [870, 871], [870, 873], [875, 877], [875, 897], [889, 890], [889, 894], [890, 889], [890, 891], [894, 895], [894, 900], [928, 929], [928, 932], [950, 952], [950, 960], [998, 1000], [998, 1035], [1012, 1013], [1012, 1019], [1035, 1037], [1035, 1039], [1039, 1043], [1039, 1045], [1045, 1050], [1045, 1054]]}}}, "app/api/google_drive.py": {"executed_lines": [5, 6, 7, 8, 10, 12, 13, 14, 17, 19, 22, 23, 24, 58, 59, 60, 108, 109, 110, 224, 225, 226, 307, 327, 328, 329], "summary": {"covered_lines": 26, "num_statements": 199, "percent_covered": 9.59409594095941, "percent_covered_display": "9.59", "missing_lines": 173, "excluded_lines": 0, "percent_statements_covered": 13.06532663316583, "percent_statements_covered_display": "13.07", "num_branches": 72, "num_partial_branches": 0, "covered_branches": 0, "missing_branches": 72, "percent_branches_covered": 0.0, "percent_branches_covered_display": "0.00"}, "missing_lines": [37, 39, 48, 51, 71, 72, 75, 78, 79, 80, 82, 83, 84, 86, 87, 88, 90, 91, 92, 95, 96, 98, 100, 101, 102, 115, 116, 118, 121, 122, 127, 128, 130, 132, 135, 136, 138, 147, 148, 151, 152, 153, 154, 155, 156, 163, 164, 166, 168, 175, 176, 177, 180, 181, 186, 189, 190, 191, 193, 194, 195, 198, 199, 201, 202, 204, 206, 208, 214, 215, 216, 217, 219, 220, 221, 232, 233, 236, 237, 238, 243, 248, 249, 251, 253, 254, 256, 265, 266, 269, 270, 271, 272, 273, 274, 281, 283, 289, 290, 291, 294, 295, 300, 302, 303, 304, 309, 310, 312, 313, 314, 316, 317, 318, 319, 320, 321, 322, 324, 340, 342, 345, 348, 351, 352, 353, 354, 355, 356, 357, 360, 361, 364, 365, 366, 369, 370, 373, 374, 375, 376, 377, 378, 379, 381, 382, 383, 384, 385, 386, 389, 390, 391, 394, 395, 397, 398, 399, 401, 406, 407, 408, 409, 410, 411, 412, 413, 416, 418, 420, 426, 427, 428], "excluded_lines": [], "executed_branches": [], "missing_branches": [[78, 79], [78, 82], [82, 83], [82, 86], [86, 87], [86, 90], [90, 91], [90, 95], [121, 122], [121, 189], [122, 127], [122, 130], [147, 148], [147, 151], [152, 153], [152, 163], [180, 181], [180, 186], [189, 190], [189, 193], [201, 202], [201, 204], [236, 237], [236, 243], [243, 248], [243, 251], [265, 266], [265, 269], [270, 271], [270, 281], [294, 295], [294, 300], [309, 310], [309, 312], [317, 318], [317, 319], [319, 320], [319, 321], [321, 322], [321, 324], [351, 352], [351, 360], [352, 353], [352, 354], [354, 355], [354, 356], [356, 357], [356, 360], [360, 361], [360, 364], [364, 365], [364, 401], [375, 376], [375, 389], [378, 379], [378, 385], [379, 378], [379, 381], [385, 375], [385, 386], [389, 390], [389, 394], [390, 389], [390, 391], [406, 407], [406, 408], [408, 409], [408, 410], [410, 411], [410, 412], [412, 413], [412, 416]], "functions": {"exchange_google_drive_token": {"executed_lines": [], "summary": {"covered_lines": 0, "num_statements": 4, "percent_covered": 0.0, "percent_covered_display": "0.00", "missing_lines": 4, "excluded_lines": 0, "percent_statements_covered": 0.0, "percent_statements_covered_display": "0.00", "num_branches": 0, "num_partial_branches": 0, "covered_branches": 0, "missing_branches": 0, "percent_branches_covered": 100.0, "percent_branches_covered_display": "100.00"}, "missing_lines": [37, 39, 48, 51], "excluded_lines": [], "start_line": 24, "executed_branches": [], "missing_branches": []}, "update_google_drive_settings": {"executed_lines": [], "summary": {"covered_lines": 0, "num_statements": 21, "percent_covered": 0.0, "percent_covered_display": "0.00", "missing_lines": 21, "excluded_lines": 0, "percent_statements_covered": 0.0, "percent_statements_covered_display": "0.00", "num_branches": 8, "num_partial_branches": 0, "covered_branches": 0, "missing_branches": 8, "percent_branches_covered": 0.0, "percent_branches_covered_display": "0.00"}, "missing_lines": [71, 72, 75, 78, 79, 80, 82, 83, 84, 86, 87, 88, 90, 91, 92, 95, 96, 98, 100, 101, 102], "excluded_lines": [], "start_line": 60, "executed_branches": [], "missing_branches": [[78, 79], [78, 82], [82, 83], [82, 86], [86, 87], [86, 90], [90, 91], [90, 95]]}, "test_google_drive_token": {"executed_lines": [], "summary": {"covered_lines": 0, "num_statements": 50, "percent_covered": 0.0, "percent_covered_display": "0.00", "missing_lines": 50, "excluded_lines": 0, "percent_statements_covered": 0.0, "percent_statements_covered_display": "0.00", "num_branches": 14, "num_partial_branches": 0, "covered_branches": 0, "missing_branches": 14, "percent_branches_covered": 0.0, "percent_branches_covered_display": "0.00"}, "missing_lines": [115, 116, 118, 121, 122, 127, 128, 130, 132, 135, 136, 138, 147, 148, 151, 152, 153, 154, 155, 156, 163, 164, 166, 168, 175, 176, 177, 180, 181, 186, 189, 190, 191, 193, 194, 195, 198, 199, 201, 202, 204, 206, 208, 214, 215, 216, 217, 219, 220, 221], "excluded_lines": [], "start_line": 110, "executed_branches": [], "missing_branches": [[121, 122], [121, 189], [122, 127], [122, 130], [147, 148], [147, 151], [152, 153], [152, 163], [180, 181], [180, 186], [189, 190], [189, 193], [201, 202], [201, 204]]}, "get_google_drive_token_info": {"executed_lines": [], "summary": {"covered_lines": 0, "num_statements": 31, "percent_covered": 0.0, "percent_covered_display": "0.00", "missing_lines": 31, "excluded_lines": 0, "percent_statements_covered": 0.0, "percent_statements_covered_display": "0.00", "num_branches": 10, "num_partial_branches": 0, "covered_branches": 0, "missing_branches": 10, "percent_branches_covered": 0.0, "percent_branches_covered_display": "0.00"}, "missing_lines": [232, 233, 236, 237, 238, 243, 248, 249, 251, 253, 254, 256, 265, 266, 269, 270, 271, 272, 273, 274, 281, 283, 289, 290, 291, 294, 295, 300, 302, 303, 304], "excluded_lines": [], "start_line": 226, "executed_branches": [], "missing_branches": [[236, 237], [236, 243], [243, 248], [243, 251], [265, 266], [265, 269], [270, 271], [270, 281], [294, 295], [294, 300]]}, "format_time_remaining": {"executed_lines": [], "summary": {"covered_lines": 0, "num_statements": 13, "percent_covered": 0.0, "percent_covered_display": "0.00", "missing_lines": 13, "excluded_lines": 0, "percent_statements_covered": 0.0, "percent_statements_covered_display": "0.00", "num_branches": 8, "num_partial_branches": 0, "covered_branches": 0, "missing_branches": 8, "percent_branches_covered": 0.0, "percent_branches_covered_display": "0.00"}, "missing_lines": [309, 310, 312, 313, 314, 316, 317, 318, 319, 320, 321, 322, 324], "excluded_lines": [], "start_line": 307, "executed_branches": [], "missing_branches": [[309, 310], [309, 312], [317, 318], [317, 319], [319, 320], [319, 321], [321, 322], [321, 324]]}, "save_dropbox_settings": {"executed_lines": [], "summary": {"covered_lines": 0, "num_statements": 54, "percent_covered": 0.0, "percent_covered_display": "0.00", "missing_lines": 54, "excluded_lines": 0, "percent_statements_covered": 0.0, "percent_statements_covered_display": "0.00", "num_branches": 32, "num_partial_branches": 0, "covered_branches": 0, "missing_branches": 32, "percent_branches_covered": 0.0, "percent_branches_covered_display": "0.00"}, "missing_lines": [340, 342, 345, 348, 351, 352, 353, 354, 355, 356, 357, 360, 361, 364, 365, 366, 369, 370, 373, 374, 375, 376, 377, 378, 379, 381, 382, 383, 384, 385, 386, 389, 390, 391, 394, 395, 397, 398, 399, 401, 406, 407, 408, 409, 410, 411, 412, 413, 416, 418, 420, 426, 427, 428], "excluded_lines": [], "start_line": 329, "executed_branches": [], "missing_branches": [[351, 352], [351, 360], [352, 353], [352, 354], [354, 355], [354, 356], [356, 357], [356, 360], [360, 361], [360, 364], [364, 365], [364, 401], [375, 376], [375, 389], [378, 379], [378, 385], [379, 378], [379, 381], [385, 375], [385, 386], [389, 390], [389, 394], [390, 389], [390, 391], [406, 407], [406, 408], [408, 409], [408, 410], [410, 411], [410, 412], [412, 413], [412, 416]]}, "": {"executed_lines": [5, 6, 7, 8, 10, 12, 13, 14, 17, 19, 22, 23, 24, 58, 59, 60, 108, 109, 110, 224, 225, 226, 307, 327, 328, 329], "summary": {"covered_lines": 26, "num_statements": 26, "percent_covered": 100.0, "percent_covered_display": "100.00", "missing_lines": 0, "excluded_lines": 0, "percent_statements_covered": 100.0, "percent_statements_covered_display": "100.00", "num_branches": 0, "num_partial_branches": 0, "covered_branches": 0, "missing_branches": 0, "percent_branches_covered": 100.0, "percent_branches_covered_display": "100.00"}, "missing_lines": [], "excluded_lines": [], "start_line": 1, "executed_branches": [], "missing_branches": []}}, "classes": {"": {"executed_lines": [5, 6, 7, 8, 10, 12, 13, 14, 17, 19, 22, 23, 24, 58, 59, 60, 108, 109, 110, 224, 225, 226, 307, 327, 328, 329], "summary": {"covered_lines": 26, "num_statements": 199, "percent_covered": 9.59409594095941, "percent_covered_display": "9.59", "missing_lines": 173, "excluded_lines": 0, "percent_statements_covered": 13.06532663316583, "percent_statements_covered_display": "13.07", "num_branches": 72, "num_partial_branches": 0, "covered_branches": 0, "missing_branches": 72, "percent_branches_covered": 0.0, "percent_branches_covered_display": "0.00"}, "missing_lines": [37, 39, 48, 51, 71, 72, 75, 78, 79, 80, 82, 83, 84, 86, 87, 88, 90, 91, 92, 95, 96, 98, 100, 101, 102, 115, 116, 118, 121, 122, 127, 128, 130, 132, 135, 136, 138, 147, 148, 151, 152, 153, 154, 155, 156, 163, 164, 166, 168, 175, 176, 177, 180, 181, 186, 189, 190, 191, 193, 194, 195, 198, 199, 201, 202, 204, 206, 208, 214, 215, 216, 217, 219, 220, 221, 232, 233, 236, 237, 238, 243, 248, 249, 251, 253, 254, 256, 265, 266, 269, 270, 271, 272, 273, 274, 281, 283, 289, 290, 291, 294, 295, 300, 302, 303, 304, 309, 310, 312, 313, 314, 316, 317, 318, 319, 320, 321, 322, 324, 340, 342, 345, 348, 351, 352, 353, 354, 355, 356, 357, 360, 361, 364, 365, 366, 369, 370, 373, 374, 375, 376, 377, 378, 379, 381, 382, 383, 384, 385, 386, 389, 390, 391, 394, 395, 397, 398, 399, 401, 406, 407, 408, 409, 410, 411, 412, 413, 416, 418, 420, 426, 427, 428], "excluded_lines": [], "start_line": 1, "executed_branches": [], "missing_branches": [[78, 79], [78, 82], [82, 83], [82, 86], [86, 87], [86, 90], [90, 91], [90, 95], [121, 122], [121, 189], [122, 127], [122, 130], [147, 148], [147, 151], [152, 153], [152, 163], [180, 181], [180, 186], [189, 190], [189, 193], [201, 202], [201, 204], [236, 237], [236, 243], [243, 248], [243, 251], [265, 266], [265, 269], [270, 271], [270, 281], [294, 295], [294, 300], [309, 310], [309, 312], [317, 318], [317, 319], [319, 320], [319, 321], [321, 322], [321, 324], [351, 352], [351, 360], [352, 353], [352, 354], [354, 355], [354, 356], [356, 357], [356, 360], [360, 361], [360, 364], [364, 365], [364, 401], [375, 376], [375, 389], [378, 379], [378, 385], [379, 378], [379, 381], [385, 375], [385, 386], [389, 390], [389, 394], [390, 389], [390, 391], [406, 407], [406, 408], [408, 409], [408, 410], [410, 411], [410, 412], [412, 413], [412, 416]]}}}, "app/api/logs.py": {"executed_lines": [5, 6, 8, 9, 10, 12, 13, 14, 17, 19, 21, 24, 25, 26, 84, 85, 86, 128, 129, 130], "summary": {"covered_lines": 20, "num_statements": 45, "percent_covered": 33.898305084745765, "percent_covered_display": "33.90", "missing_lines": 25, "excluded_lines": 0, "percent_statements_covered": 44.44444444444444, "percent_statements_covered_display": "44.44", "num_branches": 14, "num_partial_branches": 0, "covered_branches": 0, "missing_branches": 14, "percent_branches_covered": 0.0, "percent_branches_covered_display": "0.00"}, "missing_lines": [56, 59, 60, 61, 62, 65, 68, 69, 70, 81, 94, 95, 96, 99, 102, 103, 104, 115, 136, 138, 139, 142, 143, 144, 155], "excluded_lines": [], "executed_branches": [], "missing_branches": [[59, 60], [59, 61], [61, 62], [61, 65], [69, 70], [69, 81], [95, 96], [95, 99], [103, 104], [103, 115], [138, 139], [138, 142], [143, 144], [143, 155]], "functions": {"list_processing_logs": {"executed_lines": [], "summary": {"covered_lines": 0, "num_statements": 10, "percent_covered": 0.0, "percent_covered_display": "0.00", "missing_lines": 10, "excluded_lines": 0, "percent_statements_covered": 0.0, "percent_statements_covered_display": "0.00", "num_branches": 6, "num_partial_branches": 0, "covered_branches": 0, "missing_branches": 6, "percent_branches_covered": 0.0, "percent_branches_covered_display": "0.00"}, "missing_lines": [56, 59, 60, 61, 62, 65, 68, 69, 70, 81], "excluded_lines": [], "start_line": 26, "executed_branches": [], "missing_branches": [[59, 60], [59, 61], [61, 62], [61, 65], [69, 70], [69, 81]]}, "get_file_processing_logs": {"executed_lines": [], "summary": {"covered_lines": 0, "num_statements": 8, "percent_covered": 0.0, "percent_covered_display": "0.00", "missing_lines": 8, "excluded_lines": 0, "percent_statements_covered": 0.0, "percent_statements_covered_display": "0.00", "num_branches": 4, "num_partial_branches": 0, "covered_branches": 0, "missing_branches": 4, "percent_branches_covered": 0.0, "percent_branches_covered_display": "0.00"}, "missing_lines": [94, 95, 96, 99, 102, 103, 104, 115], "excluded_lines": [], "start_line": 86, "executed_branches": [], "missing_branches": [[95, 96], [95, 99], [103, 104], [103, 115]]}, "get_task_processing_logs": {"executed_lines": [], "summary": {"covered_lines": 0, "num_statements": 7, "percent_covered": 0.0, "percent_covered_display": "0.00", "missing_lines": 7, "excluded_lines": 0, "percent_statements_covered": 0.0, "percent_statements_covered_display": "0.00", "num_branches": 4, "num_partial_branches": 0, "covered_branches": 0, "missing_branches": 4, "percent_branches_covered": 0.0, "percent_branches_covered_display": "0.00"}, "missing_lines": [136, 138, 139, 142, 143, 144, 155], "excluded_lines": [], "start_line": 130, "executed_branches": [], "missing_branches": [[138, 139], [138, 142], [143, 144], [143, 155]]}, "": {"executed_lines": [5, 6, 8, 9, 10, 12, 13, 14, 17, 19, 21, 24, 25, 26, 84, 85, 86, 128, 129, 130], "summary": {"covered_lines": 20, "num_statements": 20, "percent_covered": 100.0, "percent_covered_display": "100.00", "missing_lines": 0, "excluded_lines": 0, "percent_statements_covered": 100.0, "percent_statements_covered_display": "100.00", "num_branches": 0, "num_partial_branches": 0, "covered_branches": 0, "missing_branches": 0, "percent_branches_covered": 100.0, "percent_branches_covered_display": "100.00"}, "missing_lines": [], "excluded_lines": [], "start_line": 1, "executed_branches": [], "missing_branches": []}}, "classes": {"": {"executed_lines": [5, 6, 8, 9, 10, 12, 13, 14, 17, 19, 21, 24, 25, 26, 84, 85, 86, 128, 129, 130], "summary": {"covered_lines": 20, "num_statements": 45, "percent_covered": 33.898305084745765, "percent_covered_display": "33.90", "missing_lines": 25, "excluded_lines": 0, "percent_statements_covered": 44.44444444444444, "percent_statements_covered_display": "44.44", "num_branches": 14, "num_partial_branches": 0, "covered_branches": 0, "missing_branches": 14, "percent_branches_covered": 0.0, "percent_branches_covered_display": "0.00"}, "missing_lines": [56, 59, 60, 61, 62, 65, 68, 69, 70, 81, 94, 95, 96, 99, 102, 103, 104, 115, 136, 138, 139, 142, 143, 144, 155], "excluded_lines": [], "start_line": 1, "executed_branches": [], "missing_branches": [[59, 60], [59, 61], [61, 62], [61, 65], [69, 70], [69, 81], [95, 96], [95, 99], [103, 104], [103, 115], [138, 139], [138, 142], [143, 144], [143, 155]]}}}, "app/api/onedrive.py": {"executed_lines": [5, 6, 7, 8, 10, 11, 13, 14, 15, 18, 20, 23, 24, 25, 56, 57, 58, 177, 197, 198, 199, 291, 292, 293, 347, 348, 349], "summary": {"covered_lines": 27, "num_statements": 187, "percent_covered": 10.671936758893281, "percent_covered_display": "10.67", "missing_lines": 160, "excluded_lines": 0, "percent_statements_covered": 14.438502673796792, "percent_statements_covered_display": "14.44", "num_branches": 66, "num_partial_branches": 0, "covered_branches": 0, "missing_branches": 66, "percent_branches_covered": 0.0, "percent_branches_covered_display": "0.00"}, "missing_lines": [38, 40, 50, 53, 62, 63, 65, 70, 71, 74, 75, 77, 85, 87, 88, 89, 91, 92, 93, 96, 97, 98, 101, 104, 105, 106, 107, 108, 110, 111, 113, 114, 115, 116, 118, 120, 121, 123, 124, 126, 128, 129, 132, 133, 135, 137, 138, 139, 145, 146, 147, 150, 151, 154, 155, 162, 164, 172, 173, 174, 179, 180, 182, 183, 184, 186, 187, 188, 189, 190, 191, 192, 194, 210, 212, 214, 215, 216, 220, 223, 224, 227, 232, 233, 234, 235, 236, 237, 238, 239, 242, 243, 244, 245, 246, 247, 248, 250, 251, 252, 253, 254, 255, 258, 259, 260, 263, 264, 267, 268, 269, 270, 271, 272, 273, 274, 275, 276, 278, 280, 282, 283, 284, 285, 286, 304, 305, 308, 309, 310, 312, 313, 314, 316, 317, 318, 320, 321, 322, 324, 325, 326, 329, 330, 332, 333, 334, 335, 336, 338, 340, 341, 342, 353, 355, 364, 374, 375, 376, 377], "excluded_lines": [], "executed_branches": [], "missing_branches": [[65, 70], [65, 74], [87, 88], [87, 91], [97, 98], [97, 132], [106, 107], [106, 132], [113, 114], [113, 120], [114, 115], [114, 118], [120, 121], [120, 123], [137, 138], [137, 145], [179, 180], [179, 182], [187, 188], [187, 189], [189, 190], [189, 191], [191, 192], [191, 194], [214, 215], [214, 220], [232, 233], [232, 234], [234, 235], [234, 236], [236, 237], [236, 238], [238, 239], [238, 242], [244, 245], [244, 258], [247, 248], [247, 254], [248, 247], [248, 250], [254, 244], [254, 255], [258, 259], [258, 263], [259, 258], [259, 260], [267, 268], [267, 269], [269, 270], [269, 271], [271, 272], [271, 273], [273, 274], [273, 275], [275, 276], [275, 278], [308, 309], [308, 312], [312, 313], [312, 316], [316, 317], [316, 320], [320, 321], [320, 324], [324, 325], [324, 329]], "functions": {"exchange_onedrive_token": {"executed_lines": [], "summary": {"covered_lines": 0, "num_statements": 4, "percent_covered": 0.0, "percent_covered_display": "0.00", "missing_lines": 4, "excluded_lines": 0, "percent_statements_covered": 0.0, "percent_statements_covered_display": "0.00", "num_branches": 0, "num_partial_branches": 0, "covered_branches": 0, "missing_branches": 0, "percent_branches_covered": 100.0, "percent_branches_covered_display": "100.00"}, "missing_lines": [38, 40, 50, 53], "excluded_lines": [], "start_line": 25, "executed_branches": [], "missing_branches": []}, "test_onedrive_token": {"executed_lines": [], "summary": {"covered_lines": 0, "num_statements": 56, "percent_covered": 0.0, "percent_covered_display": "0.00", "missing_lines": 56, "excluded_lines": 0, "percent_statements_covered": 0.0, "percent_statements_covered_display": "0.00", "num_branches": 16, "num_partial_branches": 0, "covered_branches": 0, "missing_branches": 16, "percent_branches_covered": 0.0, "percent_branches_covered_display": "0.00"}, "missing_lines": [62, 63, 65, 70, 71, 74, 75, 77, 85, 87, 88, 89, 91, 92, 93, 96, 97, 98, 101, 104, 105, 106, 107, 108, 110, 111, 113, 114, 115, 116, 118, 120, 121, 123, 124, 126, 128, 129, 132, 133, 135, 137, 138, 139, 145, 146, 147, 150, 151, 154, 155, 162, 164, 172, 173, 174], "excluded_lines": [], "start_line": 58, "executed_branches": [], "missing_branches": [[65, 70], [65, 74], [87, 88], [87, 91], [97, 98], [97, 132], [106, 107], [106, 132], [113, 114], [113, 120], [114, 115], [114, 118], [120, 121], [120, 123], [137, 138], [137, 145]]}, "format_time_remaining": {"executed_lines": [], "summary": {"covered_lines": 0, "num_statements": 13, "percent_covered": 0.0, "percent_covered_display": "0.00", "missing_lines": 13, "excluded_lines": 0, "percent_statements_covered": 0.0, "percent_statements_covered_display": "0.00", "num_branches": 8, "num_partial_branches": 0, "covered_branches": 0, "missing_branches": 8, "percent_branches_covered": 0.0, "percent_branches_covered_display": "0.00"}, "missing_lines": [179, 180, 182, 183, 184, 186, 187, 188, 189, 190, 191, 192, 194], "excluded_lines": [], "start_line": 177, "executed_branches": [], "missing_branches": [[179, 180], [179, 182], [187, 188], [187, 189], [189, 190], [189, 191], [191, 192], [191, 194]]}, "save_onedrive_settings": {"executed_lines": [], "summary": {"covered_lines": 0, "num_statements": 52, "percent_covered": 0.0, "percent_covered_display": "0.00", "missing_lines": 52, "excluded_lines": 0, "percent_statements_covered": 0.0, "percent_statements_covered_display": "0.00", "num_branches": 32, "num_partial_branches": 0, "covered_branches": 0, "missing_branches": 32, "percent_branches_covered": 0.0, "percent_branches_covered_display": "0.00"}, "missing_lines": [210, 212, 214, 215, 216, 220, 223, 224, 227, 232, 233, 234, 235, 236, 237, 238, 239, 242, 243, 244, 245, 246, 247, 248, 250, 251, 252, 253, 254, 255, 258, 259, 260, 263, 264, 267, 268, 269, 270, 271, 272, 273, 274, 275, 276, 278, 280, 282, 283, 284, 285, 286], "excluded_lines": [], "start_line": 199, "executed_branches": [], "missing_branches": [[214, 215], [214, 220], [232, 233], [232, 234], [234, 235], [234, 236], [236, 237], [236, 238], [238, 239], [238, 242], [244, 245], [244, 258], [247, 248], [247, 254], [248, 247], [248, 250], [254, 244], [254, 255], [258, 259], [258, 263], [259, 258], [259, 260], [267, 268], [267, 269], [269, 270], [269, 271], [271, 272], [271, 273], [273, 274], [273, 275], [275, 276], [275, 278]]}, "update_onedrive_settings": {"executed_lines": [], "summary": {"covered_lines": 0, "num_statements": 28, "percent_covered": 0.0, "percent_covered_display": "0.00", "missing_lines": 28, "excluded_lines": 0, "percent_statements_covered": 0.0, "percent_statements_covered_display": "0.00", "num_branches": 10, "num_partial_branches": 0, "covered_branches": 0, "missing_branches": 10, "percent_branches_covered": 0.0, "percent_branches_covered_display": "0.00"}, "missing_lines": [304, 305, 308, 309, 310, 312, 313, 314, 316, 317, 318, 320, 321, 322, 324, 325, 326, 329, 330, 332, 333, 334, 335, 336, 338, 340, 341, 342], "excluded_lines": [], "start_line": 293, "executed_branches": [], "missing_branches": [[308, 309], [308, 312], [312, 313], [312, 316], [316, 317], [316, 320], [320, 321], [320, 324], [324, 325], [324, 329]]}, "get_onedrive_full_config": {"executed_lines": [], "summary": {"covered_lines": 0, "num_statements": 7, "percent_covered": 0.0, "percent_covered_display": "0.00", "missing_lines": 7, "excluded_lines": 0, "percent_statements_covered": 0.0, "percent_statements_covered_display": "0.00", "num_branches": 0, "num_partial_branches": 0, "covered_branches": 0, "missing_branches": 0, "percent_branches_covered": 100.0, "percent_branches_covered_display": "100.00"}, "missing_lines": [353, 355, 364, 374, 375, 376, 377], "excluded_lines": [], "start_line": 349, "executed_branches": [], "missing_branches": []}, "": {"executed_lines": [5, 6, 7, 8, 10, 11, 13, 14, 15, 18, 20, 23, 24, 25, 56, 57, 58, 177, 197, 198, 199, 291, 292, 293, 347, 348, 349], "summary": {"covered_lines": 27, "num_statements": 27, "percent_covered": 100.0, "percent_covered_display": "100.00", "missing_lines": 0, "excluded_lines": 0, "percent_statements_covered": 100.0, "percent_statements_covered_display": "100.00", "num_branches": 0, "num_partial_branches": 0, "covered_branches": 0, "missing_branches": 0, "percent_branches_covered": 100.0, "percent_branches_covered_display": "100.00"}, "missing_lines": [], "excluded_lines": [], "start_line": 1, "executed_branches": [], "missing_branches": []}}, "classes": {"": {"executed_lines": [5, 6, 7, 8, 10, 11, 13, 14, 15, 18, 20, 23, 24, 25, 56, 57, 58, 177, 197, 198, 199, 291, 292, 293, 347, 348, 349], "summary": {"covered_lines": 27, "num_statements": 187, "percent_covered": 10.671936758893281, "percent_covered_display": "10.67", "missing_lines": 160, "excluded_lines": 0, "percent_statements_covered": 14.438502673796792, "percent_statements_covered_display": "14.44", "num_branches": 66, "num_partial_branches": 0, "covered_branches": 0, "missing_branches": 66, "percent_branches_covered": 0.0, "percent_branches_covered_display": "0.00"}, "missing_lines": [38, 40, 50, 53, 62, 63, 65, 70, 71, 74, 75, 77, 85, 87, 88, 89, 91, 92, 93, 96, 97, 98, 101, 104, 105, 106, 107, 108, 110, 111, 113, 114, 115, 116, 118, 120, 121, 123, 124, 126, 128, 129, 132, 133, 135, 137, 138, 139, 145, 146, 147, 150, 151, 154, 155, 162, 164, 172, 173, 174, 179, 180, 182, 183, 184, 186, 187, 188, 189, 190, 191, 192, 194, 210, 212, 214, 215, 216, 220, 223, 224, 227, 232, 233, 234, 235, 236, 237, 238, 239, 242, 243, 244, 245, 246, 247, 248, 250, 251, 252, 253, 254, 255, 258, 259, 260, 263, 264, 267, 268, 269, 270, 271, 272, 273, 274, 275, 276, 278, 280, 282, 283, 284, 285, 286, 304, 305, 308, 309, 310, 312, 313, 314, 316, 317, 318, 320, 321, 322, 324, 325, 326, 329, 330, 332, 333, 334, 335, 336, 338, 340, 341, 342, 353, 355, 364, 374, 375, 376, 377], "excluded_lines": [], "start_line": 1, "executed_branches": [], "missing_branches": [[65, 70], [65, 74], [87, 88], [87, 91], [97, 98], [97, 132], [106, 107], [106, 132], [113, 114], [113, 120], [114, 115], [114, 118], [120, 121], [120, 123], [137, 138], [137, 145], [179, 180], [179, 182], [187, 188], [187, 189], [189, 190], [189, 191], [191, 192], [191, 194], [214, 215], [214, 220], [232, 233], [232, 234], [234, 235], [234, 236], [236, 237], [236, 238], [238, 239], [238, 242], [244, 245], [244, 258], [247, 248], [247, 254], [248, 247], [248, 250], [254, 244], [254, 255], [258, 259], [258, 263], [259, 258], [259, 260], [267, 268], [267, 269], [269, 270], [269, 271], [271, 272], [271, 273], [273, 274], [273, 275], [275, 276], [275, 278], [308, 309], [308, 312], [312, 313], [312, 316], [316, 317], [316, 320], [320, 321], [320, 324], [324, 325], [324, 329]]}}}, "app/api/openai.py": {"executed_lines": [5, 7, 9, 10, 13, 15, 18, 19, 20], "summary": {"covered_lines": 9, "num_statements": 31, "percent_covered": 27.272727272727273, "percent_covered_display": "27.27", "missing_lines": 22, "excluded_lines": 0, "percent_statements_covered": 29.032258064516128, "percent_statements_covered_display": "29.03", "num_branches": 2, "num_partial_branches": 0, "covered_branches": 0, "missing_branches": 2, "percent_branches_covered": 0.0, "percent_branches_covered_display": "0.00"}, "missing_lines": [24, 25, 27, 30, 31, 32, 35, 38, 40, 43, 44, 49, 50, 51, 54, 56, 62, 63, 64, 65, 66, 67], "excluded_lines": [], "executed_branches": [], "missing_branches": [[30, 31], [30, 35]], "functions": {"test_openai_connection": {"executed_lines": [], "summary": {"covered_lines": 0, "num_statements": 22, "percent_covered": 0.0, "percent_covered_display": "0.00", "missing_lines": 22, "excluded_lines": 0, "percent_statements_covered": 0.0, "percent_statements_covered_display": "0.00", "num_branches": 2, "num_partial_branches": 0, "covered_branches": 0, "missing_branches": 2, "percent_branches_covered": 0.0, "percent_branches_covered_display": "0.00"}, "missing_lines": [24, 25, 27, 30, 31, 32, 35, 38, 40, 43, 44, 49, 50, 51, 54, 56, 62, 63, 64, 65, 66, 67], "excluded_lines": [], "start_line": 20, "executed_branches": [], "missing_branches": [[30, 31], [30, 35]]}, "": {"executed_lines": [5, 7, 9, 10, 13, 15, 18, 19, 20], "summary": {"covered_lines": 9, "num_statements": 9, "percent_covered": 100.0, "percent_covered_display": "100.00", "missing_lines": 0, "excluded_lines": 0, "percent_statements_covered": 100.0, "percent_statements_covered_display": "100.00", "num_branches": 0, "num_partial_branches": 0, "covered_branches": 0, "missing_branches": 0, "percent_branches_covered": 100.0, "percent_branches_covered_display": "100.00"}, "missing_lines": [], "excluded_lines": [], "start_line": 1, "executed_branches": [], "missing_branches": []}}, "classes": {"": {"executed_lines": [5, 7, 9, 10, 13, 15, 18, 19, 20], "summary": {"covered_lines": 9, "num_statements": 31, "percent_covered": 27.272727272727273, "percent_covered_display": "27.27", "missing_lines": 22, "excluded_lines": 0, "percent_statements_covered": 29.032258064516128, "percent_statements_covered_display": "29.03", "num_branches": 2, "num_partial_branches": 0, "covered_branches": 0, "missing_branches": 2, "percent_branches_covered": 0.0, "percent_branches_covered_display": "0.00"}, "missing_lines": [24, 25, 27, 30, 31, 32, 35, 38, 40, 43, 44, 49, 50, 51, 54, 56, 62, 63, 64, 65, 66, 67], "excluded_lines": [], "start_line": 1, "executed_branches": [], "missing_branches": [[30, 31], [30, 35]]}}}, "app/api/process.py": {"executed_lines": [5, 6, 8, 10, 11, 12, 13, 14, 15, 16, 17, 18, 19, 22, 24, 27, 28, 29, 40, 41, 42, 51, 52, 53, 62, 63, 64, 73, 74, 75, 84, 85, 86, 95, 96, 97, 108, 109, 110], "summary": {"covered_lines": 39, "num_statements": 101, "percent_covered": 29.770992366412212, "percent_covered_display": "29.77", "missing_lines": 62, "excluded_lines": 0, "percent_statements_covered": 38.613861386138616, "percent_statements_covered_display": "38.61", "num_branches": 30, "num_partial_branches": 0, "covered_branches": 0, "missing_branches": 30, "percent_branches_covered": 0.0, "percent_branches_covered_display": "0.00"}, "missing_lines": [31, 33, 34, 36, 37, 44, 45, 46, 47, 48, 55, 56, 57, 58, 59, 66, 67, 68, 69, 70, 77, 78, 79, 80, 81, 88, 89, 90, 91, 92, 99, 101, 102, 104, 105, 117, 118, 119, 121, 122, 123, 124, 126, 127, 129, 130, 133, 135, 136, 142, 143, 145, 149, 150, 151, 154, 156, 158, 159, 160, 161, 163], "excluded_lines": [], "executed_branches": [], "missing_branches": [[33, 34], [33, 36], [45, 46], [45, 47], [56, 57], [56, 58], [67, 68], [67, 69], [78, 79], [78, 80], [89, 90], [89, 91], [101, 102], [101, 104], [118, 119], [118, 121], [122, 123], [122, 126], [123, 122], [123, 124], [126, 127], [126, 129], [135, 136], [135, 142], [142, 143], [142, 158], [145, 149], [145, 154], [159, 160], [159, 163]], "functions": {"process": {"executed_lines": [], "summary": {"covered_lines": 0, "num_statements": 5, "percent_covered": 0.0, "percent_covered_display": "0.00", "missing_lines": 5, "excluded_lines": 0, "percent_statements_covered": 0.0, "percent_statements_covered_display": "0.00", "num_branches": 2, "num_partial_branches": 0, "covered_branches": 0, "missing_branches": 2, "percent_branches_covered": 0.0, "percent_branches_covered_display": "0.00"}, "missing_lines": [31, 33, 34, 36, 37], "excluded_lines": [], "start_line": 29, "executed_branches": [], "missing_branches": [[33, 34], [33, 36]]}, "send_to_dropbox_endpoint": {"executed_lines": [], "summary": {"covered_lines": 0, "num_statements": 5, "percent_covered": 0.0, "percent_covered_display": "0.00", "missing_lines": 5, "excluded_lines": 0, "percent_statements_covered": 0.0, "percent_statements_covered_display": "0.00", "num_branches": 2, "num_partial_branches": 0, "covered_branches": 0, "missing_branches": 2, "percent_branches_covered": 0.0, "percent_branches_covered_display": "0.00"}, "missing_lines": [44, 45, 46, 47, 48], "excluded_lines": [], "start_line": 42, "executed_branches": [], "missing_branches": [[45, 46], [45, 47]]}, "send_to_paperless_endpoint": {"executed_lines": [], "summary": {"covered_lines": 0, "num_statements": 5, "percent_covered": 0.0, "percent_covered_display": "0.00", "missing_lines": 5, "excluded_lines": 0, "percent_statements_covered": 0.0, "percent_statements_covered_display": "0.00", "num_branches": 2, "num_partial_branches": 0, "covered_branches": 0, "missing_branches": 2, "percent_branches_covered": 0.0, "percent_branches_covered_display": "0.00"}, "missing_lines": [55, 56, 57, 58, 59], "excluded_lines": [], "start_line": 53, "executed_branches": [], "missing_branches": [[56, 57], [56, 58]]}, "send_to_nextcloud_endpoint": {"executed_lines": [], "summary": {"covered_lines": 0, "num_statements": 5, "percent_covered": 0.0, "percent_covered_display": "0.00", "missing_lines": 5, "excluded_lines": 0, "percent_statements_covered": 0.0, "percent_statements_covered_display": "0.00", "num_branches": 2, "num_partial_branches": 0, "covered_branches": 0, "missing_branches": 2, "percent_branches_covered": 0.0, "percent_branches_covered_display": "0.00"}, "missing_lines": [66, 67, 68, 69, 70], "excluded_lines": [], "start_line": 64, "executed_branches": [], "missing_branches": [[67, 68], [67, 69]]}, "send_to_google_drive_endpoint": {"executed_lines": [], "summary": {"covered_lines": 0, "num_statements": 5, "percent_covered": 0.0, "percent_covered_display": "0.00", "missing_lines": 5, "excluded_lines": 0, "percent_statements_covered": 0.0, "percent_statements_covered_display": "0.00", "num_branches": 2, "num_partial_branches": 0, "covered_branches": 0, "missing_branches": 2, "percent_branches_covered": 0.0, "percent_branches_covered_display": "0.00"}, "missing_lines": [77, 78, 79, 80, 81], "excluded_lines": [], "start_line": 75, "executed_branches": [], "missing_branches": [[78, 79], [78, 80]]}, "send_to_onedrive_endpoint": {"executed_lines": [], "summary": {"covered_lines": 0, "num_statements": 5, "percent_covered": 0.0, "percent_covered_display": "0.00", "missing_lines": 5, "excluded_lines": 0, "percent_statements_covered": 0.0, "percent_statements_covered_display": "0.00", "num_branches": 2, "num_partial_branches": 0, "covered_branches": 0, "missing_branches": 2, "percent_branches_covered": 0.0, "percent_branches_covered_display": "0.00"}, "missing_lines": [88, 89, 90, 91, 92], "excluded_lines": [], "start_line": 86, "executed_branches": [], "missing_branches": [[89, 90], [89, 91]]}, "send_to_all_destinations_endpoint": {"executed_lines": [], "summary": {"covered_lines": 0, "num_statements": 5, "percent_covered": 0.0, "percent_covered_display": "0.00", "missing_lines": 5, "excluded_lines": 0, "percent_statements_covered": 0.0, "percent_statements_covered_display": "0.00", "num_branches": 2, "num_partial_branches": 0, "covered_branches": 0, "missing_branches": 2, "percent_branches_covered": 0.0, "percent_branches_covered_display": "0.00"}, "missing_lines": [99, 101, 102, 104, 105], "excluded_lines": [], "start_line": 97, "executed_branches": [], "missing_branches": [[101, 102], [101, 104]]}, "process_all_pdfs_in_workdir": {"executed_lines": [], "summary": {"covered_lines": 0, "num_statements": 27, "percent_covered": 0.0, "percent_covered_display": "0.00", "missing_lines": 27, "excluded_lines": 0, "percent_statements_covered": 0.0, "percent_statements_covered_display": "0.00", "num_branches": 16, "num_partial_branches": 0, "covered_branches": 0, "missing_branches": 16, "percent_branches_covered": 0.0, "percent_branches_covered_display": "0.00"}, "missing_lines": [117, 118, 119, 121, 122, 123, 124, 126, 127, 129, 130, 133, 135, 136, 142, 143, 145, 149, 150, 151, 154, 156, 158, 159, 160, 161, 163], "excluded_lines": [], "start_line": 110, "executed_branches": [], "missing_branches": [[118, 119], [118, 121], [122, 123], [122, 126], [123, 122], [123, 124], [126, 127], [126, 129], [135, 136], [135, 142], [142, 143], [142, 158], [145, 149], [145, 154], [159, 160], [159, 163]]}, "": {"executed_lines": [5, 6, 8, 10, 11, 12, 13, 14, 15, 16, 17, 18, 19, 22, 24, 27, 28, 29, 40, 41, 42, 51, 52, 53, 62, 63, 64, 73, 74, 75, 84, 85, 86, 95, 96, 97, 108, 109, 110], "summary": {"covered_lines": 39, "num_statements": 39, "percent_covered": 100.0, "percent_covered_display": "100.00", "missing_lines": 0, "excluded_lines": 0, "percent_statements_covered": 100.0, "percent_statements_covered_display": "100.00", "num_branches": 0, "num_partial_branches": 0, "covered_branches": 0, "missing_branches": 0, "percent_branches_covered": 100.0, "percent_branches_covered_display": "100.00"}, "missing_lines": [], "excluded_lines": [], "start_line": 1, "executed_branches": [], "missing_branches": []}}, "classes": {"": {"executed_lines": [5, 6, 8, 10, 11, 12, 13, 14, 15, 16, 17, 18, 19, 22, 24, 27, 28, 29, 40, 41, 42, 51, 52, 53, 62, 63, 64, 73, 74, 75, 84, 85, 86, 95, 96, 97, 108, 109, 110], "summary": {"covered_lines": 39, "num_statements": 101, "percent_covered": 29.770992366412212, "percent_covered_display": "29.77", "missing_lines": 62, "excluded_lines": 0, "percent_statements_covered": 38.613861386138616, "percent_statements_covered_display": "38.61", "num_branches": 30, "num_partial_branches": 0, "covered_branches": 0, "missing_branches": 30, "percent_branches_covered": 0.0, "percent_branches_covered_display": "0.00"}, "missing_lines": [31, 33, 34, 36, 37, 44, 45, 46, 47, 48, 55, 56, 57, 58, 59, 66, 67, 68, 69, 70, 77, 78, 79, 80, 81, 88, 89, 90, 91, 92, 99, 101, 102, 104, 105, 117, 118, 119, 121, 122, 123, 124, 126, 127, 129, 130, 133, 135, 136, 142, 143, 145, 149, 150, 151, 154, 156, 158, 159, 160, 161, 163], "excluded_lines": [], "start_line": 1, "executed_branches": [], "missing_branches": [[33, 34], [33, 36], [45, 46], [45, 47], [56, 57], [56, 58], [67, 68], [67, 69], [78, 79], [78, 80], [89, 90], [89, 91], [101, 102], [101, 104], [118, 119], [118, 121], [122, 123], [122, 126], [123, 122], [123, 124], [126, 127], [126, 129], [135, 136], [135, 142], [142, 143], [142, 158], [145, 149], [145, 154], [159, 160], [159, 163]]}}}, "app/api/settings.py": {"executed_lines": [5, 6, 8, 9, 10, 12, 13, 14, 24, 25, 28, 42, 43, 46, 49, 50, 53, 56, 57, 58, 61, 64, 65, 66, 69, 70, 95, 96, 116, 117, 162, 163, 186, 187], "summary": {"covered_lines": 34, "num_statements": 101, "percent_covered": 27.642276422764226, "percent_covered_display": "27.64", "missing_lines": 67, "excluded_lines": 0, "percent_statements_covered": 33.663366336633665, "percent_statements_covered_display": "33.66", "num_branches": 22, "num_partial_branches": 0, "covered_branches": 0, "missing_branches": 22, "percent_branches_covered": 0.0, "percent_branches_covered_display": "0.00"}, "missing_lines": [36, 37, 38, 39, 75, 77, 78, 79, 80, 81, 84, 87, 89, 90, 91, 92, 101, 103, 106, 108, 109, 110, 111, 128, 130, 131, 132, 133, 136, 137, 138, 143, 144, 146, 153, 154, 155, 156, 157, 168, 169, 170, 171, 173, 177, 178, 179, 180, 181, 192, 193, 195, 196, 198, 199, 200, 201, 202, 205, 206, 207, 209, 210, 211, 212, 214, 216], "excluded_lines": [], "executed_branches": [], "missing_branches": [[37, 38], [37, 39], [78, 79], [78, 84], [79, 78], [79, 80], [130, 131], [130, 136], [132, 133], [132, 136], [137, 138], [137, 143], [170, 171], [170, 173], [195, 196], [195, 214], [198, 199], [198, 205], [200, 201], [200, 205], [206, 207], [206, 209]], "functions": {"require_admin": {"executed_lines": [], "summary": {"covered_lines": 0, "num_statements": 4, "percent_covered": 0.0, "percent_covered_display": "0.00", "missing_lines": 4, "excluded_lines": 0, "percent_statements_covered": 0.0, "percent_statements_covered_display": "0.00", "num_branches": 2, "num_partial_branches": 0, "covered_branches": 0, "missing_branches": 2, "percent_branches_covered": 0.0, "percent_branches_covered_display": "0.00"}, "missing_lines": [36, 37, 38, 39], "excluded_lines": [], "start_line": 28, "executed_branch
[...]
2, 63, 64, 82, 83, 84], "summary": {"covered_lines": 14, "num_statements": 33, "percent_covered": 34.146341463414636, "percent_covered_display": "34.15", "missing_lines": 19, "excluded_lines": 0, "percent_statements_covered": 42.42424242424242, "percent_statements_covered_display": "42.42", "num_branches": 8, "num_partial_branches": 0, "covered_branches": 0, "missing_branches": 8, "percent_branches_covered": 0.0, "percent_branches_covered_display": "0.00"}, "missing_lines": [23, 26, 31, 34, 36, 37, 39, 42, 69, 70, 72, 73, 79, 88, 89, 93, 95, 97, 107], "excluded_lines": [], "start_line": 1, "executed_branches": [], "missing_branches": [[36, 37], [36, 39], [69, 70], [69, 72], [72, 73], [72, 79], [88, 89], [88, 93]]}}}, "app/views/license_routes.py": {"executed_lines": [1, 3, 4, 6, 8, 11, 12, 24, 25], "summary": {"covered_lines": 9, "num_statements": 15, "percent_covered": 52.94117647058823, "percent_covered_display": "52.94", "missing_lines": 6, "excluded_lines": 0, "percent_statements_covered": 60.0, "percent_statements_covered_display": "60.00", "num_branches": 2, "num_partial_branches": 0, "covered_branches": 0, "missing_branches": 2, "percent_branches_covered": 0.0, "percent_branches_covered_display": "0.00"}, "missing_lines": [16, 17, 18, 20, 21, 29], "excluded_lines": [], "executed_branches": [], "missing_branches": [[17, 18], [17, 20]], "functions": {"get_lgpl_license": {"executed_lines": [], "summary": {"covered_lines": 0, "num_statements": 5, "percent_covered": 0.0, "percent_covered_display": "0.00", "missing_lines": 5, "excluded_lines": 0, "percent_statements_covered": 0.0, "percent_statements_covered_display": "0.00", "num_branches": 2, "num_partial_branches": 0, "covered_branches": 0, "missing_branches": 2, "percent_branches_covered": 0.0, "percent_branches_covered_display": "0.00"}, "missing_lines": [16, 17, 18, 20, 21], "excluded_lines": [], "start_line": 12, "executed_branches": [], "missing_branches": [[17, 18], [17, 20]]}, "serve_attribution": {"executed_lines": [], "summary": {"covered_lines": 0, "num_statements": 1, "percent_covered": 0.0, "percent_covered_display": "0.00", "missing_lines": 1, "excluded_lines": 0, "percent_statements_covered": 0.0, "percent_statements_covered_display": "0.00", "num_branches": 0, "num_partial_branches": 0, "covered_branches": 0, "missing_branches": 0, "percent_branches_covered": 100.0, "percent_branches_covered_display": "100.00"}, "missing_lines": [29], "excluded_lines": [], "start_line": 25, "executed_branches": [], "missing_branches": []}, "": {"executed_lines": [1, 3, 4, 6, 8, 11, 12, 24, 25], "summary": {"covered_lines": 9, "num_statements": 9, "percent_covered": 100.0, "percent_covered_display": "100.00", "missing_lines": 0, "excluded_lines": 0, "percent_statements_covered": 100.0, "percent_statements_covered_display": "100.00", "num_branches": 0, "num_partial_branches": 0, "covered_branches": 0, "missing_branches": 0, "percent_branches_covered": 100.0, "percent_branches_covered_display": "100.00"}, "missing_lines": [], "excluded_lines": [], "start_line": 1, "executed_branches": [], "missing_branches": []}}, "classes": {"": {"executed_lines": [1, 3, 4, 6, 8, 11, 12, 24, 25], "summary": {"covered_lines": 9, "num_statements": 15, "percent_covered": 52.94117647058823, "percent_covered_display": "52.94", "missing_lines": 6, "excluded_lines": 0, "percent_statements_covered": 60.0, "percent_statements_covered_display": "60.00", "num_branches": 2, "num_partial_branches": 0, "covered_branches": 0, "missing_branches": 2, "percent_branches_covered": 0.0, "percent_branches_covered_display": "0.00"}, "missing_lines": [16, 17, 18, 20, 21, 29], "excluded_lines": [], "start_line": 1, "executed_branches": [], "missing_branches": [[17, 18], [17, 20]]}}}, "app/views/onedrive.py": {"executed_lines": [5, 7, 9, 12, 13, 14, 42, 43, 44], "summary": {"covered_lines": 9, "num_statements": 16, "percent_covered": 45.0, "percent_covered_display": "45.00", "missing_lines": 7, "excluded_lines": 0, "percent_statements_covered": 56.25, "percent_statements_covered_display": "56.25", "num_branches": 4, "num_partial_branches": 0, "covered_branches": 0, "missing_branches": 4, "percent_branches_covered": 0.0, "percent_branches_covered_display": "0.00"}, "missing_lines": [20, 25, 49, 50, 52, 53, 59], "excluded_lines": [], "executed_branches": [], "missing_branches": [[49, 50], [49, 52], [52, 53], [52, 59]], "functions": {"onedrive_setup_page": {"executed_lines": [], "summary": {"covered_lines": 0, "num_statements": 2, "percent_covered": 0.0, "percent_covered_display": "0.00", "missing_lines": 2, "excluded_lines": 0, "percent_statements_covered": 0.0, "percent_statements_covered_display": "0.00", "num_branches": 0, "num_partial_branches": 0, "covered_branches": 0, "missing_branches": 0, "percent_branches_covered": 100.0, "percent_branches_covered_display": "100.00"}, "missing_lines": [20, 25], "excluded_lines": [], "start_line": 14, "executed_branches": [], "missing_branches": []}, "onedrive_callback": {"executed_lines": [], "summary": {"covered_lines": 0, "num_statements": 5, "percent_covered": 0.0, "percent_covered_display": "0.00", "missing_lines": 5, "excluded_lines": 0, "percent_statements_covered": 0.0, "percent_statements_covered_display": "0.00", "num_branches": 4, "num_partial_branches": 0, "covered_branches": 0, "missing_branches": 4, "percent_branches_covered": 0.0, "percent_branches_covered_display": "0.00"}, "missing_lines": [49, 50, 52, 53, 59], "excluded_lines": [], "start_line": 44, "executed_branches": [], "missing_branches": [[49, 50], [49, 52], [52, 53], [52, 59]]}, "": {"executed_lines": [5, 7, 9, 12, 13, 14, 42, 43, 44], "summary": {"covered_lines": 9, "num_statements": 9, "percent_covered": 100.0, "percent_covered_display": "100.00", "missing_lines": 0, "excluded_lines": 0, "percent_statements_covered": 100.0, "percent_statements_covered_display": "100.00", "num_branches": 0, "num_partial_branches": 0, "covered_branches": 0, "missing_branches": 0, "percent_branches_covered": 100.0, "percent_branches_covered_display": "100.00"}, "missing_lines": [], "excluded_lines": [], "start_line": 1, "executed_branches": [], "missing_branches": []}}, "classes": {"": {"executed_lines": [5, 7, 9, 12, 13, 14, 42, 43, 44], "summary": {"covered_lines": 9, "num_statements": 16, "percent_covered": 45.0, "percent_covered_display": "45.00", "missing_lines": 7, "excluded_lines": 0, "percent_statements_covered": 56.25, "percent_statements_covered_display": "56.25", "num_branches": 4, "num_partial_branches": 0, "covered_branches": 0, "missing_branches": 4, "percent_branches_covered": 0.0, "percent_branches_covered_display": "0.00"}, "missing_lines": [20, 25, 49, 50, 52, 53, 59], "excluded_lines": [], "start_line": 1, "executed_branches": [], "missing_branches": [[49, 50], [49, 52], [52, 53], [52, 59]]}}}, "app/views/settings.py": {"executed_lines": [5, 6, 7, 8, 10, 11, 12, 14, 15, 20, 22, 23, 26, 35, 36, 48, 51, 52, 53, 54], "summary": {"covered_lines": 20, "num_statements": 55, "percent_covered": 28.985507246376812, "percent_covered_display": "28.99", "missing_lines": 35, "excluded_lines": 0, "percent_statements_covered": 36.36363636363637, "percent_statements_covered_display": "36.36", "num_branches": 14, "num_partial_branches": 0, "covered_branches": 0, "missing_branches": 14, "percent_branches_covered": 0.0, "percent_branches_covered_display": "0.00"}, "missing_lines": [37, 38, 39, 40, 43, 44, 46, 62, 64, 67, 70, 71, 72, 73, 75, 79, 80, 81, 82, 84, 85, 86, 87, 90, 91, 92, 95, 98, 99, 100, 102, 113, 116, 117, 118], "excluded_lines": [], "executed_branches": [], "missing_branches": [[38, 39], [38, 43], [43, 44], [43, 46], [71, 72], [71, 113], [73, 71], [73, 75], [79, 80], [79, 84], [84, 85], [84, 90], [99, 100], [99, 102]], "functions": {"require_admin_access": {"executed_lines": [35, 36, 48], "summary": {"covered_lines": 3, "num_statements": 3, "percent_covered": 100.0, "percent_covered_display": "100.00", "missing_lines": 0, "excluded_lines": 0, "percent_statements_covered": 100.0, "percent_statements_covered_display": "100.00", "num_branches": 0, "num_partial_branches": 0, "covered_branches": 0, "missing_branches": 0, "percent_branches_covered": 100.0, "percent_branches_covered_display": "100.00"}, "missing_lines": [], "excluded_lines": [], "start_line": 26, "executed_branches": [], "missing_branches": []}, "require_admin_access.wrapper": {"executed_lines": [], "summary": {"covered_lines": 0, "num_statements": 7, "percent_covered": 0.0, "percent_covered_display": "0.00", "missing_lines": 7, "excluded_lines": 0, "percent_statements_covered": 0.0, "percent_statements_covered_display": "0.00", "num_branches": 4, "num_partial_branches": 0, "covered_branches": 0, "missing_branches": 4, "percent_branches_covered": 0.0, "percent_branches_covered_display": "0.00"}, "missing_lines": [37, 38, 39, 40, 43, 44, 46], "excluded_lines": [], "start_line": 36, "executed_branches": [], "missing_branches": [[38, 39], [38, 43], [43, 44], [43, 46]]}, "settings_page": {"executed_lines": [], "summary": {"covered_lines": 0, "num_statements": 28, "percent_covered": 0.0, "percent_covered_display": "0.00", "missing_lines": 28, "excluded_lines": 0, "percent_statements_covered": 0.0, "percent_statements_covered_display": "0.00", "num_branches": 10, "num_partial_branches": 0, "covered_branches": 0, "missing_branches": 10, "percent_branches_covered": 0.0, "percent_branches_covered_display": "0.00"}, "missing_lines": [62, 64, 67, 70, 71, 72, 73, 75, 79, 80, 81, 82, 84, 85, 86, 87, 90, 91, 92, 95, 98, 99, 100, 102, 113, 116, 117, 118], "excluded_lines": [], "start_line": 54, "executed_branches": [], "missing_branches": [[71, 72], [71, 113], [73, 71], [73, 75], [79, 80], [79, 84], [84, 85], [84, 90], [99, 100], [99, 102]]}, "": {"executed_lines": [5, 6, 7, 8, 10, 11, 12, 14, 15, 20, 22, 23, 26, 51, 52, 53, 54], "summary": {"covered_lines": 17, "num_statements": 17, "percent_covered": 100.0, "percent_covered_display": "100.00", "missing_lines": 0, "excluded_lines": 0, "percent_statements_covered": 100.0, "percent_statements_covered_display": "100.00", "num_branches": 0, "num_partial_branches": 0, "covered_branches": 0, "missing_branches": 0, "percent_branches_covered": 100.0, "percent_branches_covered_display": "100.00"}, "missing_lines": [], "excluded_lines": [], "start_line": 1, "executed_branches": [], "missing_branches": []}}, "classes": {"": {"executed_lines": [5, 6, 7, 8, 10, 11, 12, 14, 15, 20, 22, 23, 26, 35, 36, 48, 51, 52, 53, 54], "summary": {"covered_lines": 20, "num_statements": 55, "percent_covered": 28.985507246376812, "percent_covered_display": "28.99", "missing_lines": 35, "excluded_lines": 0, "percent_statements_covered": 36.36363636363637, "percent_statements_covered_display": "36.36", "num_branches": 14, "num_partial_branches": 0, "covered_branches": 0, "missing_branches": 14, "percent_branches_covered": 0.0, "percent_branches_covered_display": "0.00"}, "missing_lines": [37, 38, 39, 40, 43, 44, 46, 62, 64, 67, 70, 71, 72, 73, 75, 79, 80, 81, 82, 84, 85, 86, 87, 90, 91, 92, 95, 98, 99, 100, 102, 113, 116, 117, 118], "excluded_lines": [], "start_line": 1, "executed_branches": [], "missing_branches": [[38, 39], [38, 43], [43, 44], [43, 46], [71, 72], [71, 113], [73, 71], [73, 75], [79, 80], [79, 84], [84, 85], [84, 90], [99, 100], [99, 102]]}}}, "app/views/status.py": {"executed_lines": [5, 6, 7, 9, 11, 12, 14, 15, 18, 19, 20, 91, 92, 93], "summary": {"covered_lines": 14, "num_statements": 51, "percent_covered": 24.56140350877193, "percent_covered_display": "24.56", "missing_lines": 37, "excluded_lines": 0, "percent_statements_covered": 27.45098039215686, "percent_statements_covered_display": "27.45", "num_branches": 6, "num_partial_branches": 0, "covered_branches": 0, "missing_branches": 6, "percent_branches_covered": 0.0, "percent_branches_covered_display": "0.00"}, "missing_lines": [25, 28, 31, 32, 34, 36, 39, 40, 41, 42, 43, 44, 45, 46, 47, 50, 51, 52, 53, 54, 57, 58, 59, 60, 62, 65, 66, 67, 68, 69, 70, 71, 74, 76, 99, 102, 104], "excluded_lines": [], "executed_branches": [], "missing_branches": [[34, 36], [34, 62], [41, 42], [41, 50], [42, 41], [42, 43]], "functions": {"status_dashboard": {"executed_lines": [], "summary": {"covered_lines": 0, "num_statements": 34, "percent_covered": 0.0, "percent_covered_display": "0.00", "missing_lines": 34, "excluded_lines": 0, "percent_statements_covered": 0.0, "percent_statements_covered_display": "0.00", "num_branches": 6, "num_partial_branches": 0, "covered_branches": 0, "missing_branches": 6, "percent_branches_covered": 0.0, "percent_branches_covered_display": "0.00"}, "missing_lines": [25, 28, 31, 32, 34, 36, 39, 40, 41, 42, 43, 44, 45, 46, 47, 50, 51, 52, 53, 54, 57, 58, 59, 60, 62, 65, 66, 67, 68, 69, 70, 71, 74, 76], "excluded_lines": [], "start_line": 20, "executed_branches": [], "missing_branches": [[34, 36], [34, 62], [41, 42], [41, 50], [42, 41], [42, 43]]}, "env_debug": {"executed_lines": [], "summary": {"covered_lines": 0, "num_statements": 3, "percent_covered": 0.0, "percent_covered_display": "0.00", "missing_lines": 3, "excluded_lines": 0, "percent_statements_covered": 0.0, "percent_statements_covered_display": "0.00", "num_branches": 0, "num_partial_branches": 0, "covered_branches": 0, "missing_branches": 0, "percent_branches_covered": 100.0, "percent_branches_covered_display": "100.00"}, "missing_lines": [99, 102, 104], "excluded_lines": [], "start_line": 93, "executed_branches": [], "missing_branches": []}, "": {"executed_lines": [5, 6, 7, 9, 11, 12, 14, 15, 18, 19, 20, 91, 92, 93], "summary": {"covered_lines": 14, "num_statements": 14, "percent_covered": 100.0, "percent_covered_display": "100.00", "missing_lines": 0, "excluded_lines": 0, "percent_statements_covered": 100.0, "percent_statements_covered_display": "100.00", "num_branches": 0, "num_partial_branches": 0, "covered_branches": 0, "missing_branches": 0, "percent_branches_covered": 100.0, "percent_branches_covered_display": "100.00"}, "missing_lines": [], "excluded_lines": [], "start_line": 1, "executed_branches": [], "missing_branches": []}}, "classes": {"": {"executed_lines": [5, 6, 7, 9, 11, 12, 14, 15, 18, 19, 20, 91, 92, 93], "summary": {"covered_lines": 14, "num_statements": 51, "percent_covered": 24.56140350877193, "percent_covered_display": "24.56", "missing_lines": 37, "excluded_lines": 0, "percent_statements_covered": 27.45098039215686, "percent_statements_covered_display": "27.45", "num_branches": 6, "num_partial_branches": 0, "covered_branches": 0, "missing_branches": 6, "percent_branches_covered": 0.0, "percent_branches_covered_display": "0.00"}, "missing_lines": [25, 28, 31, 32, 34, 36, 39, 40, 41, 42, 43, 44, 45, 46, 47, 50, 51, 52, 53, 54, 57, 58, 59, 60, 62, 65, 66, 67, 68, 69, 70, 71, 74, 76, 99, 102, 104], "excluded_lines": [], "start_line": 1, "executed_branches": [], "missing_branches": [[34, 36], [34, 62], [41, 42], [41, 50], [42, 41], [42, 43]]}}}, "app/views/wizard.py": {"executed_lines": [5, 6, 8, 9, 10, 12, 13, 14, 16, 17, 20, 21, 57, 58, 106, 107], "summary": {"covered_lines": 16, "num_statements": 59, "percent_covered": 21.91780821917808, "percent_covered_display": "21.92", "missing_lines": 43, "excluded_lines": 0, "percent_statements_covered": 27.11864406779661, "percent_statements_covered_display": "27.12", "num_branches": 14, "num_partial_branches": 0, "covered_branches": 0, "missing_branches": 14, "percent_branches_covered": 0.0, "percent_branches_covered_display": "0.00"}, "missing_lines": [29, 30, 33, 34, 35, 36, 39, 42, 44, 62, 64, 67, 68, 71, 72, 73, 74, 77, 79, 80, 81, 84, 85, 86, 88, 91, 92, 94, 96, 99, 101, 102, 103, 113, 114, 115, 117, 118, 119, 121, 122, 123, 124], "excluded_lines": [], "executed_branches": [], "missing_branches": [[33, 34], [33, 35], [35, 36], [35, 39], [72, 73], [72, 88], [77, 72], [77, 79], [79, 80], [79, 84], [84, 72], [84, 85], [94, 96], [94, 99]], "functions": {"setup_wizard": {"executed_lines": [], "summary": {"covered_lines": 0, "num_statements": 9, "percent_covered": 0.0, "percent_covered_display": "0.00", "missing_lines": 9, "excluded_lines": 0, "percent_statements_covered": 0.0, "percent_statements_covered_display": "0.00", "num_branches": 4, "num_partial_branches": 0, "covered_branches": 0, "missing_branches": 4, "percent_branches_covered": 0.0, "percent_branches_covered_display": "0.00"}, "missing_lines": [29, 30, 33, 34, 35, 36, 39, 42, 44], "excluded_lines": [], "start_line": 21, "executed_branches": [], "missing_branches": [[33, 34], [33, 35], [35, 36], [35, 39]]}, "setup_wizard_save": {"executed_lines": [], "summary": {"covered_lines": 0, "num_statements": 24, "percent_covered": 0.0, "percent_covered_display": "0.00", "missing_lines": 24, "excluded_lines": 0, "percent_statements_covered": 0.0, "percent_statements_covered_display": "0.00", "num_branches": 10, "num_partial_branches": 0, "covered_branches": 0, "missing_branches": 10, "percent_branches_covered": 0.0, "percent_branches_covered_display": "0.00"}, "missing_lines": [62, 64, 67, 68, 71, 72, 73, 74, 77, 79, 80, 81, 84, 85, 86, 88, 91, 92, 94, 96, 99, 101, 102, 103], "excluded_lines": [], "start_line": 58, "executed_branches": [], "missing_branches": [[72, 73], [72, 88], [77, 72], [77, 79], [79, 80], [79, 84], [84, 72], [84, 85], [94, 96], [94, 99]]}, "setup_wizard_skip": {"executed_lines": [], "summary": {"covered_lines": 0, "num_statements": 10, "percent_covered": 0.0, "percent_covered_display": "0.00", "missing_lines": 10, "excluded_lines": 0, "percent_statements_covered": 0.0, "percent_statements_covered_display": "0.00", "num_branches": 0, "num_partial_branches": 0, "covered_branches": 0, "missing_branches": 0, "percent_branches_covered": 100.0, "percent_branches_covered_display": "100.00"}, "missing_lines": [113, 114, 115, 117, 118, 119, 121, 122, 123, 124], "excluded_lines": [], "start_line": 107, "executed_branches": [], "missing_branches": []}, "": {"executed_lines": [5, 6, 8, 9, 10, 12, 13, 14, 16, 17, 20, 21, 57, 58, 106, 107], "summary": {"covered_lines": 16, "num_statements": 16, "percent_covered": 100.0, "percent_covered_display": "100.00", "missing_lines": 0, "excluded_lines": 0, "percent_statements_covered": 100.0, "percent_statements_covered_display": "100.00", "num_branches": 0, "num_partial_branches": 0, "covered_branches": 0, "missing_branches": 0, "percent_branches_covered": 100.0, "percent_branches_covered_display": "100.00"}, "missing_lines": [], "excluded_lines": [], "start_line": 1, "executed_branches": [], "missing_branches": []}}, "classes": {"": {"executed_lines": [5, 6, 8, 9, 10, 12, 13, 14, 16, 17, 20, 21, 57, 58, 106, 107], "summary": {"covered_lines": 16, "num_statements": 59, "percent_covered": 21.91780821917808, "percent_covered_display": "21.92", "missing_lines": 43, "excluded_lines": 0, "percent_statements_covered": 27.11864406779661, "percent_statements_covered_display": "27.12", "num_branches": 14, "num_partial_branches": 0, "covered_branches": 0, "missing_branches": 14, "percent_branches_covered": 0.0, "percent_branches_covered_display": "0.00"}, "missing_lines": [29, 30, 33, 34, 35, 36, 39, 42, 44, 62, 64, 67, 68, 71, 72, 73, 74, 77, 79, 80, 81, 84, 85, 86, 88, 91, 92, 94, 96, 99, 101, 102, 103, 113, 114, 115, 117, 118, 119, 121, 122, 123, 124], "excluded_lines": [], "start_line": 1, "executed_branches": [], "missing_branches": [[33, 34], [33, 35], [35, 36], [35, 39], [72, 73], [72, 88], [77, 72], [77, 79], [79, 80], [79, 84], [84, 72], [84, 85], [94, 96], [94, 99]]}}}}, "totals": {"covered_lines": 1535, "num_statements": 6346, "percent_covered": 19.975278121137208, "percent_covered_display": "19.98", "missing_lines": 4811, "excluded_lines": 0, "percent_statements_covered": 24.188465174913333, "percent_statements_covered_display": "24.19", "num_branches": 1744, "num_partial_branches": 61, "covered_branches": 81, "missing_branches": 1663, "percent_branches_covered": 4.644495412844036, "percent_branches_covered_display": "4.64"}}